[0923/190701:INFO:(0)] WebCore is now online.
[0923/190701:INFO:(0)] Running Awesomium 1.7.5.1
[0923/190704:WARNING:Awesomium.NET(0)] System.ComponentModel.InvalidAsynchronousStateException: An error occurred invoking the method.  The destination thread no longer exists.
   at System.Windows.Forms.WindowsFormsSynchronizationContext.Send(SendOrPostCallback d, Object state)
   at Awesomium.Core.WebCore.wvjjlbeQdqUVO5E6FXD(Object , Object , Object )
   at Awesomium.Core.WebCore.ioXQMTP1sf()
[0923/191234:INFO:(0)] WebCore is now online.
[0923/191234:INFO:(0)] Running Awesomium 1.7.5.1
[0923/191250:WARNING:Awesomium.NET(0)] System.ComponentModel.InvalidAsynchronousStateException: An error occurred invoking the method.  The destination thread no longer exists.
   at System.Windows.Forms.WindowsFormsSynchronizationContext.Send(SendOrPostCallback d, Object state)
   at Awesomium.Core.WebCore.wvjjlbeQdqUVO5E6FXD(Object , Object , Object )
   at Awesomium.Core.WebCore.ioXQMTP1sf()
[0923/193052:INFO:(0)] WebCore is now online.
[0923/193052:INFO:(0)] Running Awesomium 1.7.5.1
[0923/193056:ERROR:ipc_channel_win.cc(360)] pipe error: 232
[0923/193056:WARNING:Awesomium.NET(0)] System.ComponentModel.InvalidAsynchronousStateException: An error occurred invoking the method.  The destination thread no longer exists.
   at System.Windows.Forms.WindowsFormsSynchronizationContext.Send(SendOrPostCallback d, Object state)
   at Awesomium.Core.WebCore.wvjjlbeQdqUVO5E6FXD(Object , Object , Object )
   at Awesomium.Core.WebCore.ioXQMTP1sf()
[0923/193359:INFO:(0)] WebCore is now online.
[0923/193359:INFO:(0)] Running Awesomium 1.7.5.1
[0923/193427:WARNING:Awesomium.NET(0)] System.ComponentModel.InvalidAsynchronousStateException: An error occurred invoking the method.  The destination thread no longer exists.
   at System.Windows.Forms.WindowsFormsSynchronizationContext.Send(SendOrPostCallback d, Object state)
   at Awesomium.Core.WebCore.wvjjlbeQdqUVO5E6FXD(Object , Object , Object )
   at Awesomium.Core.WebCore.ioXQMTP1sf()
[0923/193441:INFO:(0)] WebCore is now online.
[0923/193441:INFO:(0)] Running Awesomium 1.7.5.1
[0923/193500:WARNING:Awesomium.NET(0)] System.ComponentModel.InvalidAsynchronousStateException: An error occurred invoking the method.  The destination thread no longer exists.
   at System.Windows.Forms.WindowsFormsSynchronizationContext.Send(SendOrPostCallback d, Object state)
   at Awesomium.Core.WebCore.wvjjlbeQdqUVO5E6FXD(Object , Object , Object )
   at Awesomium.Core.WebCore.ioXQMTP1sf()
[0923/193612:INFO:(0)] WebCore is now online.
[0923/193612:INFO:(0)] Running Awesomium 1.7.5.1
[0923/193636:INFO:(0)] WebCore is now online.
[0923/193636:INFO:(0)] Running Awesomium 1.7.5.1
[0923/193644:WARNING:Awesomium.NET(0)] System.ComponentModel.InvalidAsynchronousStateException: An error occurred invoking the method.  The destination thread no longer exists.
   at System.Windows.Forms.WindowsFormsSynchronizationContext.Send(SendOrPostCallback d, Object state)
   at Awesomium.Core.WebCore.wvjjlbeQdqUVO5E6FXD(Object , Object , Object )
   at Awesomium.Core.WebCore.ioXQMTP1sf()
[0923/193650:INFO:(0)] WebCore is now online.
[0923/193650:INFO:(0)] Running Awesomium 1.7.5.1
[0923/193702:WARNING:Awesomium.NET(0)] System.ComponentModel.InvalidAsynchronousStateException: An error occurred invoking the method.  The destination thread no longer exists.
   at System.Windows.Forms.WindowsFormsSynchronizationContext.Send(SendOrPostCallback d, Object state)
   at Awesomium.Core.WebCore.wvjjlbeQdqUVO5E6FXD(Object , Object , Object )
   at Awesomium.Core.WebCore.ioXQMTP1sf()
[0923/193801:INFO:(0)] WebCore is now online.
[0923/193801:INFO:(0)] Running Awesomium 1.7.5.1
[0923/193810:ERROR:ipc_channel_win.cc(261)] pipe error: 109
[0923/193810:WARNING:Awesomium.NET(0)] System.ComponentModel.InvalidAsynchronousStateException: An error occurred invoking the method.  The destination thread no longer exists.
   at System.Windows.Forms.WindowsFormsSynchronizationContext.Send(SendOrPostCallback d, Object state)
   at Awesomium.Core.WebCore.wvjjlbeQdqUVO5E6FXD(Object , Object , Object )
   at Awesomium.Core.WebCore.ioXQMTP1sf()
[0923/193959:INFO:(0)] WebCore is now online.
[0923/193959:INFO:(0)] Running Awesomium 1.7.5.1
[0923/194003:WARNING:Awesomium.NET(0)] System.ComponentModel.InvalidAsynchronousStateException: An error occurred invoking the method.  The destination thread no longer exists.
   at System.Windows.Forms.WindowsFormsSynchronizationContext.Send(SendOrPostCallback d, Object state)
   at Awesomium.Core.WebCore.wvjjlbeQdqUVO5E6FXD(Object , Object , Object )
   at Awesomium.Core.WebCore.ioXQMTP1sf()
[0923/194319:INFO:(0)] WebCore is now online.
[0923/194319:INFO:(0)] Running Awesomium 1.7.5.1
[0923/194323:WARNING:Awesomium.NET(0)] System.ComponentModel.InvalidAsynchronousStateException: An error occurred invoking the method.  The destination thread no longer exists.
   at System.Windows.Forms.WindowsFormsSynchronizationContext.Send(SendOrPostCallback d, Object state)
   at Awesomium.Core.WebCore.wvjjlbeQdqUVO5E6FXD(Object , Object , Object )
   at Awesomium.Core.WebCore.ioXQMTP1sf()
[0923/194436:INFO:(0)] WebCore is now online.
[0923/194436:INFO:(0)] Running Awesomium 1.7.5.1
[0923/194439:WARNING:Awesomium.NET(0)] System.ComponentModel.InvalidAsynchronousStateException: An error occurred invoking the method.  The destination thread no longer exists.
   at System.Windows.Forms.WindowsFormsSynchronizationContext.Send(SendOrPostCallback d, Object state)
   at Awesomium.Core.WebCore.wvjjlbeQdqUVO5E6FXD(Object , Object , Object )
   at Awesomium.Core.WebCore.ioXQMTP1sf()
[0923/202334:INFO:(0)] WebCore is now online.
[0923/202334:INFO:(0)] Running Awesomium 1.7.5.1
[0923/202348:WARNING:Awesomium.NET(0)] System.ComponentModel.InvalidAsynchronousStateException: An error occurred invoking the method.  The destination thread no longer exists.
   at System.Windows.Forms.WindowsFormsSynchronizationContext.Send(SendOrPostCallback d, Object state)
   at Awesomium.Core.WebCore.wvjjlbeQdqUVO5E6FXD(Object , Object , Object )
   at Awesomium.Core.WebCore.ioXQMTP1sf()
[0923/202828:INFO:(0)] WebCore is now online.
[0923/202828:INFO:(0)] Running Awesomium 1.7.5.1
[0923/202836:WARNING:Awesomium.NET(0)] System.ComponentModel.InvalidAsynchronousStateException: An error occurred invoking the method.  The destination thread no longer exists.
   at System.Windows.Forms.WindowsFormsSynchronizationContext.Send(SendOrPostCallback d, Object state)
   at Awesomium.Core.WebCore.wvjjlbeQdqUVO5E6FXD(Object , Object , Object )
   at Awesomium.Core.WebCore.ioXQMTP1sf()
[0923/202908:INFO:(0)] WebCore is now online.
[0923/202908:INFO:(0)] Running Awesomium 1.7.5.1
[0923/202915:WARNING:Awesomium.NET(0)] System.ComponentModel.InvalidAsynchronousStateException: An error occurred invoking the method.  The destination thread no longer exists.
   at System.Windows.Forms.WindowsFormsSynchronizationContext.Send(SendOrPostCallback d, Object state)
   at Awesomium.Core.WebCore.wvjjlbeQdqUVO5E6FXD(Object , Object , Object )
   at Awesomium.Core.WebCore.ioXQMTP1sf()
[0923/203205:INFO:(0)] WebCore is now online.
[0923/203205:INFO:(0)] Running Awesomium 1.7.5.1
[0923/203228:WARNING:Awesomium.NET(0)] System.ComponentModel.InvalidAsynchronousStateException: An error occurred invoking the method.  The destination thread no longer exists.
   at System.Windows.Forms.WindowsFormsSynchronizationContext.Send(SendOrPostCallback d, Object state)
   at Awesomium.Core.WebCore.wvjjlbeQdqUVO5E6FXD(Object , Object , Object )
   at Awesomium.Core.WebCore.ioXQMTP1sf()
[0923/203338:INFO:(0)] WebCore is now online.
[0923/203338:INFO:(0)] Running Awesomium 1.7.5.1
[0923/203345:WARNING:Awesomium.NET(0)] System.ComponentModel.InvalidAsynchronousStateException: An error occurred invoking the method.  The destination thread no longer exists.
   at System.Windows.Forms.WindowsFormsSynchronizationContext.Send(SendOrPostCallback d, Object state)
   at Awesomium.Core.WebCore.wvjjlbeQdqUVO5E6FXD(Object , Object , Object )
   at Awesomium.Core.WebCore.ioXQMTP1sf()
[0923/203612:INFO:(0)] WebCore is now online.
[0923/203612:INFO:(0)] Running Awesomium 1.7.5.1
[0923/203705:INFO:(0)] WebCore is now online.
[0923/203705:INFO:(0)] Running Awesomium 1.7.5.1
[0923/203720:WARNING:Awesomium.NET(0)] System.ComponentModel.InvalidAsynchronousStateException: An error occurred invoking the method.  The destination thread no longer exists.
   at System.Windows.Forms.WindowsFormsSynchronizationContext.Send(SendOrPostCallback d, Object state)
   at Awesomium.Core.WebCore.wvjjlbeQdqUVO5E6FXD(Object , Object , Object )
   at Awesomium.Core.WebCore.ioXQMTP1sf()
[0923/204226:INFO:(0)] WebCore is now online.
[0923/204226:INFO:(0)] Running Awesomium 1.7.5.1
[0923/204236:WARNING:Awesomium.NET(0)] System.ComponentModel.InvalidAsynchronousStateException: An error occurred invoking the method.  The destination thread no longer exists.
   at System.Windows.Forms.WindowsFormsSynchronizationContext.Send(SendOrPostCallback d, Object state)
   at Awesomium.Core.WebCore.wvjjlbeQdqUVO5E6FXD(Object , Object , Object )
   at Awesomium.Core.WebCore.ioXQMTP1sf()
[0923/204247:INFO:(0)] WebCore is now online.
[0923/204247:INFO:(0)] Running Awesomium 1.7.5.1
[0923/204258:WARNING:Awesomium.NET(0)] System.ComponentModel.InvalidAsynchronousStateException: An error occurred invoking the method.  The destination thread no longer exists.
   at System.Windows.Forms.WindowsFormsSynchronizationContext.Send(SendOrPostCallback d, Object state)
   at Awesomium.Core.WebCore.wvjjlbeQdqUVO5E6FXD(Object , Object , Object )
   at Awesomium.Core.WebCore.ioXQMTP1sf()
[0923/204328:INFO:(0)] WebCore is now online.
[0923/204328:INFO:(0)] Running Awesomium 1.7.5.1
[0923/204350:INFO:(0)] WebCore is now online.
[0923/204350:INFO:(0)] Running Awesomium 1.7.5.1
[0923/204352:WARNING:Awesomium.NET(0)] System.ComponentModel.InvalidAsynchronousStateException: An error occurred invoking the method.  The destination thread no longer exists.
   at System.Windows.Forms.WindowsFormsSynchronizationContext.Send(SendOrPostCallback d, Object state)
   at Awesomium.Core.WebCore.wvjjlbeQdqUVO5E6FXD(Object , Object , Object )
   at Awesomium.Core.WebCore.ioXQMTP1sf()
[0923/225057:INFO:(0)] WebCore is now online.
[0923/225057:INFO:(0)] Running Awesomium 1.7.5.1
[0923/225100:WARNING:Awesomium.NET(0)] System.ComponentModel.InvalidAsynchronousStateException: An error occurred invoking the method.  The destination thread no longer exists.
   at System.Windows.Forms.WindowsFormsSynchronizationContext.Send(SendOrPostCallback d, Object state)
   at Awesomium.Core.WebCore.wvjjlbeQdqUVO5E6FXD(Object , Object , Object )
   at Awesomium.Core.WebCore.ioXQMTP1sf()
[0923/225301:INFO:(0)] WebCore is now online.
[0923/225301:INFO:(0)] Running Awesomium 1.7.5.1
[0923/225306:WARNING:Awesomium.NET(0)] System.ComponentModel.InvalidAsynchronousStateException: An error occurred invoking the method.  The destination thread no longer exists.
   at System.Windows.Forms.WindowsFormsSynchronizationContext.Send(SendOrPostCallback d, Object state)
   at Awesomium.Core.WebCore.wvjjlbeQdqUVO5E6FXD(Object , Object , Object )
   at Awesomium.Core.WebCore.ioXQMTP1sf()
[0928/170643:INFO:(0)] WebCore is now online.
[0928/170643:INFO:(0)] Running Awesomium 1.7.5.1
[0928/170652:WARNING:Awesomium.NET(0)] System.ComponentModel.InvalidAsynchronousStateException: An error occurred invoking the method.  The destination thread no longer exists.
   at System.Windows.Forms.WindowsFormsSynchronizationContext.Send(SendOrPostCallback d, Object state)
   at Awesomium.Core.WebCore.wvjjlbeQdqUVO5E6FXD(Object , Object , Object )
   at Awesomium.Core.WebCore.ioXQMTP1sf()
[0928/171846:INFO:(0)] WebCore is now online.
[0928/171846:INFO:(0)] Running Awesomium 1.7.5.1
[0928/171908:WARNING:Awesomium.NET(0)] System.ComponentModel.InvalidAsynchronousStateException: An error occurred invoking the method.  The destination thread no longer exists.
   at System.Windows.Forms.WindowsFormsSynchronizationContext.Send(SendOrPostCallback d, Object state)
   at Awesomium.Core.WebCore.wvjjlbeQdqUVO5E6FXD(Object , Object , Object )
   at Awesomium.Core.WebCore.ioXQMTP1sf()
[0928/174631:INFO:(0)] WebCore is now online.
[0928/174631:INFO:(0)] Running Awesomium 1.7.5.1
[0928/174634:WARNING:Awesomium.NET(0)] System.ComponentModel.InvalidAsynchronousStateException: An error occurred invoking the method.  The destination thread no longer exists.
   at System.Windows.Forms.WindowsFormsSynchronizationContext.Send(SendOrPostCallback d, Object state)
   at Awesomium.Core.WebCore.wvjjlbeQdqUVO5E6FXD(Object , Object , Object )
   at Awesomium.Core.WebCore.ioXQMTP1sf()
[0928/174700:INFO:(0)] WebCore is now online.
[0928/174700:INFO:(0)] Running Awesomium 1.7.5.1
[0928/174703:WARNING:Awesomium.NET(0)] System.ComponentModel.InvalidAsynchronousStateException: An error occurred invoking the method.  The destination thread no longer exists.
   at System.Windows.Forms.WindowsFormsSynchronizationContext.Send(SendOrPostCallback d, Object state)
   at Awesomium.Core.WebCore.wvjjlbeQdqUVO5E6FXD(Object , Object , Object )
   at Awesomium.Core.WebCore.ioXQMTP1sf()
[0929/232838:INFO:(0)] WebCore is now online.
[0929/232838:INFO:(0)] Running Awesomium 1.7.5.1
[0929/232853:WARNING:Awesomium.NET(0)] System.ComponentModel.InvalidAsynchronousStateException: An error occurred invoking the method.  The destination thread no longer exists.
   at System.Windows.Forms.WindowsFormsSynchronizationContext.Send(SendOrPostCallback d, Object state)
   at Awesomium.Core.WebCore.wvjjlbeQdqUVO5E6FXD(Object , Object , Object )
   at Awesomium.Core.WebCore.ioXQMTP1sf()
[0929/233103:INFO:(0)] WebCore is now online.
[0929/233103:INFO:(0)] Running Awesomium 1.7.5.1
[0929/233113:WARNING:Awesomium.NET(0)] System.ComponentModel.InvalidAsynchronousStateException: An error occurred invoking the method.  The destination thread no longer exists.
   at System.Windows.Forms.WindowsFormsSynchronizationContext.Send(SendOrPostCallback d, Object state)
   at Awesomium.Core.WebCore.wvjjlbeQdqUVO5E6FXD(Object , Object , Object )
   at Awesomium.Core.WebCore.ioXQMTP1sf()
[0929/233304:INFO:(0)] WebCore is now online.
[0929/233304:INFO:(0)] Running Awesomium 1.7.5.1
[0929/233308:WARNING:Awesomium.NET(0)] System.ComponentModel.InvalidAsynchronousStateException: An error occurred invoking the method.  The destination thread no longer exists.
   at System.Windows.Forms.WindowsFormsSynchronizationContext.Send(SendOrPostCallback d, Object state)
   at Awesomium.Core.WebCore.wvjjlbeQdqUVO5E6FXD(Object , Object , Object )
   at Awesomium.Core.WebCore.ioXQMTP1sf()
[0929/233404:INFO:(0)] WebCore is now online.
[0929/233404:INFO:(0)] Running Awesomium 1.7.5.1
[0929/233413:WARNING:Awesomium.NET(0)] System.ComponentModel.InvalidAsynchronousStateException: An error occurred invoking the method.  The destination thread no longer exists.
   at System.Windows.Forms.WindowsFormsSynchronizationContext.Send(SendOrPostCallback d, Object state)
   at Awesomium.Core.WebCore.wvjjlbeQdqUVO5E6FXD(Object , Object , Object )
   at Awesomium.Core.WebCore.ioXQMTP1sf()
[0929/233445:INFO:(0)] WebCore is now online.
[0929/233445:INFO:(0)] Running Awesomium 1.7.5.1
[0929/233451:WARNING:Awesomium.NET(0)] System.ComponentModel.InvalidAsynchronousStateException: An error occurred invoking the method.  The destination thread no longer exists.
   at System.Windows.Forms.WindowsFormsSynchronizationContext.Send(SendOrPostCallback d, Object state)
   at Awesomium.Core.WebCore.wvjjlbeQdqUVO5E6FXD(Object , Object , Object )
   at Awesomium.Core.WebCore.ioXQMTP1sf()
[0929/233726:INFO:(0)] WebCore is now online.
[0929/233726:INFO:(0)] Running Awesomium 1.7.5.1
[0929/233729:WARNING:Awesomium.NET(0)] System.ComponentModel.InvalidAsynchronousStateException: An error occurred invoking the method.  The destination thread no longer exists.
   at System.Windows.Forms.WindowsFormsSynchronizationContext.Send(SendOrPostCallback d, Object state)
   at Awesomium.Core.WebCore.wvjjlbeQdqUVO5E6FXD(Object , Object , Object )
   at Awesomium.Core.WebCore.ioXQMTP1sf()
[0929/233911:INFO:(0)] WebCore is now online.
[0929/233911:INFO:(0)] Running Awesomium 1.7.5.1
[0929/233959:WARNING:Awesomium.NET(0)] System.ComponentModel.InvalidAsynchronousStateException: An error occurred invoking the method.  The destination thread no longer exists.
   at System.Windows.Forms.WindowsFormsSynchronizationContext.Send(SendOrPostCallback d, Object state)
   at Awesomium.Core.WebCore.wvjjlbeQdqUVO5E6FXD(Object , Object , Object )
   at Awesomium.Core.WebCore.ioXQMTP1sf()
[0929/234005:INFO:(0)] WebCore is now online.
[0929/234005:INFO:(0)] Running Awesomium 1.7.5.1
[0929/234011:WARNING:Awesomium.NET(0)] System.ComponentModel.InvalidAsynchronousStateException: An error occurred invoking the method.  The destination thread no longer exists.
   at System.Windows.Forms.WindowsFormsSynchronizationContext.Send(SendOrPostCallback d, Object state)
   at Awesomium.Core.WebCore.wvjjlbeQdqUVO5E6FXD(Object , Object , Object )
   at Awesomium.Core.WebCore.ioXQMTP1sf()
[0929/234040:INFO:(0)] WebCore is now online.
[0929/234040:INFO:(0)] Running Awesomium 1.7.5.1
[0929/234047:WARNING:Awesomium.NET(0)] System.ComponentModel.InvalidAsynchronousStateException: An error occurred invoking the method.  The destination thread no longer exists.
   at System.Windows.Forms.WindowsFormsSynchronizationContext.Send(SendOrPostCallback d, Object state)
   at Awesomium.Core.WebCore.wvjjlbeQdqUVO5E6FXD(Object , Object , Object )
   at Awesomium.Core.WebCore.ioXQMTP1sf()
[0929/234101:INFO:(0)] WebCore is now online.
[0929/234101:INFO:(0)] Running Awesomium 1.7.5.1
[0929/234105:ERROR:ipc_channel_win.cc(360)] pipe error: 232
[0929/234106:WARNING:Awesomium.NET(0)] System.ComponentModel.InvalidAsynchronousStateException: An error occurred invoking the method.  The destination thread no longer exists.
   at System.Windows.Forms.WindowsFormsSynchronizationContext.Send(SendOrPostCallback d, Object state)
   at Awesomium.Core.WebCore.wvjjlbeQdqUVO5E6FXD(Object , Object , Object )
   at Awesomium.Core.WebCore.ioXQMTP1sf()
[0929/234117:INFO:(0)] WebCore is now online.
[0929/234117:INFO:(0)] Running Awesomium 1.7.5.1
[0929/234121:WARNING:Awesomium.NET(0)] System.ComponentModel.InvalidAsynchronousStateException: An error occurred invoking the method.  The destination thread no longer exists.
   at System.Windows.Forms.WindowsFormsSynchronizationContext.Send(SendOrPostCallback d, Object state)
   at Awesomium.Core.WebCore.wvjjlbeQdqUVO5E6FXD(Object , Object , Object )
   at Awesomium.Core.WebCore.ioXQMTP1sf()
[0929/234126:INFO:(0)] WebCore is now online.
[0929/234126:INFO:(0)] Running Awesomium 1.7.5.1
[0929/234129:WARNING:Awesomium.NET(0)] System.ComponentModel.InvalidAsynchronousStateException: An error occurred invoking the method.  The destination thread no longer exists.
   at System.Windows.Forms.WindowsFormsSynchronizationContext.Send(SendOrPostCallback d, Object state)
   at Awesomium.Core.WebCore.wvjjlbeQdqUVO5E6FXD(Object , Object , Object )
   at Awesomium.Core.WebCore.ioXQMTP1sf()
[0929/234135:INFO:(0)] WebCore is now online.
[0929/234135:INFO:(0)] Running Awesomium 1.7.5.1
[0929/234219:WARNING:Awesomium.NET(0)] System.ComponentModel.InvalidAsynchronousStateException: An error occurred invoking the method.  The destination thread no longer exists.
   at System.Windows.Forms.WindowsFormsSynchronizationContext.Send(SendOrPostCallback d, Object state)
   at Awesomium.Core.WebCore.wvjjlbeQdqUVO5E6FXD(Object , Object , Object )
   at Awesomium.Core.WebCore.ioXQMTP1sf()
[0929/234334:INFO:(0)] WebCore is now online.
[0929/234334:INFO:(0)] Running Awesomium 1.7.5.1
[0930/000138:INFO:(0)] WebCore is now online.
[0930/000138:INFO:(0)] Running Awesomium 1.7.5.1
[0930/000438:INFO:(0)] WebCore is now online.
[0930/000438:INFO:(0)] Running Awesomium 1.7.5.1
[0930/000511:WARNING:Awesomium.NET(0)] System.ComponentModel.InvalidAsynchronousStateException: An error occurred invoking the method.  The destination thread no longer exists.
   at System.Windows.Forms.WindowsFormsSynchronizationContext.Send(SendOrPostCallback d, Object state)
   at Awesomium.Core.WebCore.wvjjlbeQdqUVO5E6FXD(Object , Object , Object )
   at Awesomium.Core.WebCore.ioXQMTP1sf()
[0930/000542:INFO:(0)] WebCore is now online.
[0930/000542:INFO:(0)] Running Awesomium 1.7.5.1
[0930/000601:WARNING:Awesomium.NET(0)] System.ComponentModel.InvalidAsynchronousStateException: An error occurred invoking the method.  The destination thread no longer exists.
   at System.Windows.Forms.WindowsFormsSynchronizationContext.Send(SendOrPostCallback d, Object state)
   at Awesomium.Core.WebCore.wvjjlbeQdqUVO5E6FXD(Object , Object , Object )
   at Awesomium.Core.WebCore.ioXQMTP1sf()
[0930/000747:INFO:(0)] WebCore is now online.
[0930/000747:INFO:(0)] Running Awesomium 1.7.5.1
[0930/000838:ERROR:ipc_channel_win.cc(360)] pipe error: 232
[0930/000838:WARNING:Awesomium.NET(0)] System.ComponentModel.InvalidAsynchronousStateException: An error occurred invoking the method.  The destination thread no longer exists.
   at System.Windows.Forms.WindowsFormsSynchronizationContext.Send(SendOrPostCallback d, Object state)
   at Awesomium.Core.WebCore.wvjjlbeQdqUVO5E6FXD(Object , Object , Object )
   at Awesomium.Core.WebCore.ioXQMTP1sf()
[0930/001723:INFO:(0)] WebCore is now online.
[0930/001723:INFO:(0)] Running Awesomium 1.7.5.1
[0930/001826:WARNING:Awesomium.NET(0)] System.ComponentModel.InvalidAsynchronousStateException: An error occurred invoking the method.  The destination thread no longer exists.
   at System.Windows.Forms.WindowsFormsSynchronizationContext.Send(SendOrPostCallback d, Object state)
   at Awesomium.Core.WebCore.wvjjlbeQdqUVO5E6FXD(Object , Object , Object )
   at Awesomium.Core.WebCore.ioXQMTP1sf()
[0930/001836:INFO:(0)] WebCore is now online.
[0930/001836:INFO:(0)] Running Awesomium 1.7.5.1
[0930/001847:WARNING:Awesomium.NET(0)] System.ComponentModel.InvalidAsynchronousStateException: An error occurred invoking the method.  The destination thread no longer exists.
   at System.Windows.Forms.WindowsFormsSynchronizationContext.Send(SendOrPostCallback d, Object state)
   at Awesomium.Core.WebCore.wvjjlbeQdqUVO5E6FXD(Object , Object , Object )
   at Awesomium.Core.WebCore.ioXQMTP1sf()
[0930/002015:INFO:(0)] WebCore is now online.
[0930/002015:INFO:(0)] Running Awesomium 1.7.5.1
[0930/002026:WARNING:Awesomium.NET(0)] System.ComponentModel.InvalidAsynchronousStateException: An error occurred invoking the method.  The destination thread no longer exists.
   at System.Windows.Forms.WindowsFormsSynchronizationContext.Send(SendOrPostCallback d, Object state)
   at Awesomium.Core.WebCore.wvjjlbeQdqUVO5E6FXD(Object , Object , Object )
   at Awesomium.Core.WebCore.ioXQMTP1sf()
[0930/002317:INFO:(0)] WebCore is now online.
[0930/002317:INFO:(0)] Running Awesomium 1.7.5.1
[0930/002326:ERROR:ipc_channel_win.cc(261)] pipe error: 109
[0930/002326:WARNING:Awesomium.NET(0)] System.ComponentModel.InvalidAsynchronousStateException: An error occurred invoking the method.  The destination thread no longer exists.
   at System.Windows.Forms.WindowsFormsSynchronizationContext.Send(SendOrPostCallback d, Object state)
   at Awesomium.Core.WebCore.wvjjlbeQdqUVO5E6FXD(Object , Object , Object )
   at Awesomium.Core.WebCore.ioXQMTP1sf()
[0930/002507:INFO:(0)] WebCore is now online.
[0930/002507:INFO:(0)] Running Awesomium 1.7.5.1
[0930/002708:WARNING:Awesomium.NET(0)] System.ComponentModel.InvalidAsynchronousStateException: An error occurred invoking the method.  The destination thread no longer exists.
   at System.Windows.Forms.WindowsFormsSynchronizationContext.Send(SendOrPostCallback d, Object state)
   at Awesomium.Core.WebCore.wvjjlbeQdqUVO5E6FXD(Object , Object , Object )
   at Awesomium.Core.WebCore.ioXQMTP1sf()
[0930/003005:INFO:(0)] WebCore is now online.
[0930/003005:INFO:(0)] Running Awesomium 1.7.5.1
[0930/003039:ERROR:ipc_channel_win.cc(261)] pipe error: 109
[0930/003039:WARNING:Awesomium.NET(0)] System.ComponentModel.InvalidAsynchronousStateException: An error occurred invoking the method.  The destination thread no longer exists.
   at System.Windows.Forms.WindowsFormsSynchronizationContext.Send(SendOrPostCallback d, Object state)
   at Awesomium.Core.WebCore.wvjjlbeQdqUVO5E6FXD(Object , Object , Object )
   at Awesomium.Core.WebCore.ioXQMTP1sf()
[0930/003227:INFO:(0)] WebCore is now online.
[0930/003227:INFO:(0)] Running Awesomium 1.7.5.1
[0930/003235:WARNING:Awesomium.NET(0)] System.ComponentModel.InvalidAsynchronousStateException: An error occurred invoking the method.  The destination thread no longer exists.
   at System.Windows.Forms.WindowsFormsSynchronizationContext.Send(SendOrPostCallback d, Object state)
   at Awesomium.Core.WebCore.wvjjlbeQdqUVO5E6FXD(Object , Object , Object )
   at Awesomium.Core.WebCore.ioXQMTP1sf()
[0930/003320:INFO:(0)] WebCore is now online.
[0930/003320:INFO:(0)] Running Awesomium 1.7.5.1
[0930/003351:WARNING:Awesomium.NET(0)] System.ComponentModel.InvalidAsynchronousStateException: An error occurred invoking the method.  The destination thread no longer exists.
   at System.Windows.Forms.WindowsFormsSynchronizationContext.Send(SendOrPostCallback d, Object state)
   at Awesomium.Core.WebCore.wvjjlbeQdqUVO5E6FXD(Object , Object , Object )
   at Awesomium.Core.WebCore.ioXQMTP1sf()
[0930/003551:INFO:(0)] WebCore is now online.
[0930/003551:INFO:(0)] Running Awesomium 1.7.5.1
[0930/003621:WARNING:Awesomium.NET(0)] System.ComponentModel.InvalidAsynchronousStateException: An error occurred invoking the method.  The destination thread no longer exists.
   at System.Windows.Forms.WindowsFormsSynchronizationContext.Send(SendOrPostCallback d, Object state)
   at Awesomium.Core.WebCore.wvjjlbeQdqUVO5E6FXD(Object , Object , Object )
   at Awesomium.Core.WebCore.ioXQMTP1sf()
[0930/003640:INFO:(0)] WebCore is now online.
[0930/003640:INFO:(0)] Running Awesomium 1.7.5.1
[0930/003709:WARNING:Awesomium.NET(0)] System.ComponentModel.InvalidAsynchronousStateException: An error occurred invoking the method.  The destination thread no longer exists.
   at System.Windows.Forms.WindowsFormsSynchronizationContext.Send(SendOrPostCallback d, Object state)
   at Awesomium.Core.WebCore.wvjjlbeQdqUVO5E6FXD(Object , Object , Object )
   at Awesomium.Core.WebCore.ioXQMTP1sf()
[0930/003729:INFO:(0)] WebCore is now online.
[0930/003729:INFO:(0)] Running Awesomium 1.7.5.1
[0930/003747:WARNING:Awesomium.NET(0)] System.ComponentModel.InvalidAsynchronousStateException: An error occurred invoking the method.  The destination thread no longer exists.
   at System.Windows.Forms.WindowsFormsSynchronizationContext.Send(SendOrPostCallback d, Object state)
   at Awesomium.Core.WebCore.wvjjlbeQdqUVO5E6FXD(Object , Object , Object )
   at Awesomium.Core.WebCore.ioXQMTP1sf()
[0930/003755:INFO:(0)] WebCore is now online.
[0930/003755:INFO:(0)] Running Awesomium 1.7.5.1
[0930/003810:WARNING:Awesomium.NET(0)] System.ComponentModel.InvalidAsynchronousStateException: An error occurred invoking the method.  The destination thread no longer exists.
   at System.Windows.Forms.WindowsFormsSynchronizationContext.Send(SendOrPostCallback d, Object state)
   at Awesomium.Core.WebCore.wvjjlbeQdqUVO5E6FXD(Object , Object , Object )
   at Awesomium.Core.WebCore.ioXQMTP1sf()
[0930/003821:INFO:(0)] WebCore is now online.
[0930/003821:INFO:(0)] Running Awesomium 1.7.5.1
[0930/003837:WARNING:Awesomium.NET(0)] System.ComponentModel.InvalidAsynchronousStateException: An error occurred invoking the method.  The destination thread no longer exists.
   at System.Windows.Forms.WindowsFormsSynchronizationContext.Send(SendOrPostCallback d, Object state)
   at Awesomium.Core.WebCore.wvjjlbeQdqUVO5E6FXD(Object , Object , Object )
   at Awesomium.Core.WebCore.ioXQMTP1sf()
[0930/004059:INFO:(0)] WebCore is now online.
[0930/004059:INFO:(0)] Running Awesomium 1.7.5.1
[0930/004140:ERROR:ipc_channel_win.cc(261)] pipe error: 109
[0930/004140:WARNING:Awesomium.NET(0)] System.ComponentModel.InvalidAsynchronousStateException: An error occurred invoking the method.  The destination thread no longer exists.
   at System.Windows.Forms.WindowsFormsSynchronizationContext.Send(SendOrPostCallback d, Object state)
   at Awesomium.Core.WebCore.wvjjlbeQdqUVO5E6FXD(Object , Object , Object )
   at Awesomium.Core.WebCore.ioXQMTP1sf()
[0930/004213:INFO:(0)] WebCore is now online.
[0930/004213:INFO:(0)] Running Awesomium 1.7.5.1
[0930/004318:WARNING:Awesomium.NET(0)] System.ComponentModel.InvalidAsynchronousStateException: An error occurred invoking the method.  The destination thread no longer exists.
   at System.Windows.Forms.WindowsFormsSynchronizationContext.Send(SendOrPostCallback d, Object state)
   at Awesomium.Core.WebCore.wvjjlbeQdqUVO5E6FXD(Object , Object , Object )
   at Awesomium.Core.WebCore.ioXQMTP1sf()
[0930/004339:INFO:(0)] WebCore is now online.
[0930/004339:INFO:(0)] Running Awesomium 1.7.5.1
[0930/004413:WARNING:Awesomium.NET(0)] System.ComponentModel.InvalidAsynchronousStateException: An error occurred invoking the method.  The destination thread no longer exists.
   at System.Windows.Forms.WindowsFormsSynchronizationContext.Send(SendOrPostCallback d, Object state)
   at Awesomium.Core.WebCore.wvjjlbeQdqUVO5E6FXD(Object , Object , Object )
   at Awesomium.Core.WebCore.ioXQMTP1sf()
[0930/004457:INFO:(0)] WebCore is now online.
[0930/004457:INFO:(0)] Running Awesomium 1.7.5.1
[0930/004500:WARNING:Awesomium.NET(0)] System.ComponentModel.InvalidAsynchronousStateException: An error occurred invoking the method.  The destination thread no longer exists.
   at System.Windows.Forms.WindowsFormsSynchronizationContext.Send(SendOrPostCallback d, Object state)
   at Awesomium.Core.WebCore.wvjjlbeQdqUVO5E6FXD(Object , Object , Object )
   at Awesomium.Core.WebCore.ioXQMTP1sf()
[0930/004539:INFO:(0)] WebCore is now online.
[0930/004539:INFO:(0)] Running Awesomium 1.7.5.1
[0930/005326:INFO:(0)] WebCore is now online.
[0930/005326:INFO:(0)] Running Awesomium 1.7.5.1
[0930/005500:INFO:(0)] WebCore is now online.
[0930/005500:INFO:(0)] Running Awesomium 1.7.5.1
[0930/005521:INFO:(0)] WebCore is now online.
[0930/005521:INFO:(0)] Running Awesomium 1.7.5.1
[0930/005552:INFO:(0)] WebCore is now online.
[0930/005552:INFO:(0)] Running Awesomium 1.7.5.1
[0930/005600:ERROR:ipc_channel_win.cc(261)] pipe error: 109
[0930/005600:WARNING:Awesomium.NET(0)] System.ComponentModel.InvalidAsynchronousStateException: An error occurred invoking the method.  The destination thread no longer exists.
   at System.Windows.Forms.WindowsFormsSynchronizationContext.Send(SendOrPostCallback d, Object state)
   at Awesomium.Core.WebCore.wvjjlbeQdqUVO5E6FXD(Object , Object , Object )
   at Awesomium.Core.WebCore.ioXQMTP1sf()
[0930/005713:INFO:(0)] WebCore is now online.
[0930/005713:INFO:(0)] Running Awesomium 1.7.5.1
[0930/011425:ERROR:ipc_channel_win.cc(261)] pipe error: 109
[0930/011425:WARNING:Awesomium.NET(0)] System.ComponentModel.InvalidAsynchronousStateException: An error occurred invoking the method.  The destination thread no longer exists.
   at System.Windows.Forms.WindowsFormsSynchronizationContext.Send(SendOrPostCallback d, Object state)
   at Awesomium.Core.WebCore.wvjjlbeQdqUVO5E6FXD(Object , Object , Object )
   at Awesomium.Core.WebCore.ioXQMTP1sf()
[0930/011432:INFO:(0)] WebCore is now online.
[0930/011432:INFO:(0)] Running Awesomium 1.7.5.1
[0930/011520:INFO:(0)] WebCore is now online.
[0930/011520:INFO:(0)] Running Awesomium 1.7.5.1
[0930/011733:WARNING:Awesomium.NET(0)] System.ComponentModel.InvalidAsynchronousStateException: An error occurred invoking the method.  The destination thread no longer exists.
   at System.Windows.Forms.WindowsFormsSynchronizationContext.Send(SendOrPostCallback d, Object state)
   at Awesomium.Core.WebCore.wvjjlbeQdqUVO5E6FXD(Object , Object , Object )
   at Awesomium.Core.WebCore.ioXQMTP1sf()
[0930/011944:INFO:(0)] WebCore is now online.
[0930/011944:INFO:(0)] Running Awesomium 1.7.5.1
[0930/012001:WARNING:Awesomium.NET(0)] System.ComponentModel.InvalidAsynchronousStateException: An error occurred invoking the method.  The destination thread no longer exists.
   at System.Windows.Forms.WindowsFormsSynchronizationContext.Send(SendOrPostCallback d, Object state)
   at Awesomium.Core.WebCore.wvjjlbeQdqUVO5E6FXD(Object , Object , Object )
   at Awesomium.Core.WebCore.ioXQMTP1sf()
[0930/191102:INFO:(0)] WebCore is now online.
[0930/191102:INFO:(0)] Running Awesomium 1.7.5.1
[0930/191750:WARNING:Awesomium.NET(0)] System.ComponentModel.InvalidAsynchronousStateException: An error occurred invoking the method.  The destination thread no longer exists.
   at System.Windows.Forms.WindowsFormsSynchronizationContext.Send(SendOrPostCallback d, Object state)
   at Awesomium.Core.WebCore.wvjjlbeQdqUVO5E6FXD(Object , Object , Object )
   at Awesomium.Core.WebCore.ioXQMTP1sf()
[0930/202744:INFO:(0)] WebCore is now online.
[0930/202744:INFO:(0)] Running Awesomium 1.7.5.1
[0930/204038:WARNING:Awesomium.NET(0)] System.ComponentModel.InvalidAsynchronousStateException: An error occurred invoking the method.  The destination thread no longer exists.
   at System.Windows.Forms.WindowsFormsSynchronizationContext.Send(SendOrPostCallback d, Object state)
   at Awesomium.Core.WebCore.wvjjlbeQdqUVO5E6FXD(Object , Object , Object )
   at Awesomium.Core.WebCore.ioXQMTP1sf()
[1004/001854:INFO:(0)] WebCore is now online.
[1004/001854:INFO:(0)] Running Awesomium 1.7.5.1
[1004/002121:WARNING:Awesomium.NET(0)] System.ComponentModel.InvalidAsynchronousStateException: An error occurred invoking the method.  The destination thread no longer exists.
   at System.Windows.Forms.WindowsFormsSynchronizationContext.Send(SendOrPostCallback d, Object state)
   at Awesomium.Core.WebCore.wvjjlbeQdqUVO5E6FXD(Object , Object , Object )
   at Awesomium.Core.WebCore.ioXQMTP1sf()
[1004/002727:INFO:(0)] WebCore is now online.
[1004/002727:INFO:(0)] Running Awesomium 1.7.5.1
[1004/002815:ERROR:ipc_channel_win.cc(261)] pipe error: 109
[1004/002815:WARNING:Awesomium.NET(0)] System.ComponentModel.InvalidAsynchronousStateException: An error occurred invoking the method.  The destination thread no longer exists.
   at System.Windows.Forms.WindowsFormsSynchronizationContext.Send(SendOrPostCallback d, Object state)
   at Awesomium.Core.WebCore.wvjjlbeQdqUVO5E6FXD(Object , Object , Object )
   at Awesomium.Core.WebCore.ioXQMTP1sf()
[1004/002832:INFO:(0)] WebCore is now online.
[1004/002832:INFO:(0)] Running Awesomium 1.7.5.1
[1004/011401:WARNING:Awesomium.NET(0)] System.ComponentModel.InvalidAsynchronousStateException: An error occurred invoking the method.  The destination thread no longer exists.
   at System.Windows.Forms.WindowsFormsSynchronizationContext.Send(SendOrPostCallback d, Object state)
   at Awesomium.Core.WebCore.wvjjlbeQdqUVO5E6FXD(Object , Object , Object )
   at Awesomium.Core.WebCore.ioXQMTP1sf()
[1004/011420:INFO:(0)] WebCore is now online.
[1004/011420:INFO:(0)] Running Awesomium 1.7.5.1
[1004/013339:ERROR:ipc_channel_win.cc(261)] pipe error: 109
[1004/013339:WARNING:Awesomium.NET(0)] System.ComponentModel.InvalidAsynchronousStateException: An error occurred invoking the method.  The destination thread no longer exists.
   at System.Windows.Forms.WindowsFormsSynchronizationContext.Send(SendOrPostCallback d, Object state)
   at Awesomium.Core.WebCore.wvjjlbeQdqUVO5E6FXD(Object , Object , Object )
   at Awesomium.Core.WebCore.ioXQMTP1sf()
[1004/071844:INFO:(0)] WebCore is now online.
[1004/071844:INFO:(0)] Running Awesomium 1.7.5.1
[1004/175507:INFO:(0)] WebCore is now online.
[1004/175507:INFO:(0)] Running Awesomium 1.7.5.1
[1004/175552:INFO:(0)] WebCore is now online.
[1004/175552:INFO:(0)] Running Awesomium 1.7.5.1
[1004/175710:WARNING:Awesomium.NET(0)] System.ComponentModel.InvalidAsynchronousStateException: An error occurred invoking the method.  The destination thread no longer exists.
   at System.Windows.Forms.WindowsFormsSynchronizationContext.Send(SendOrPostCallback d, Object state)
   at Awesomium.Core.WebCore.wvjjlbeQdqUVO5E6FXD(Object , Object , Object )
   at Awesomium.Core.WebCore.ioXQMTP1sf()
[1005/164356:INFO:(0)] WebCore is now online.
[1005/164356:INFO:(0)] Running Awesomium 1.7.5.1
[1006/192540:INFO:(0)] WebCore is now online.
[1006/192540:INFO:(0)] Running Awesomium 1.7.5.1
[1006/192721:WARNING:Awesomium.NET(0)] System.ComponentModel.InvalidAsynchronousStateException: An error occurred invoking the method.  The destination thread no longer exists.
   at System.Windows.Forms.WindowsFormsSynchronizationContext.Send(SendOrPostCallback d, Object state)
   at Awesomium.Core.WebCore.wvjjlbeQdqUVO5E6FXD(Object , Object , Object )
   at Awesomium.Core.WebCore.ioXQMTP1sf()
[1006/192723:INFO:(0)] WebCore is now online.
[1006/192723:INFO:(0)] Running Awesomium 1.7.5.1
[1006/193011:WARNING:Awesomium.NET(0)] System.ComponentModel.InvalidAsynchronousStateException: An error occurred invoking the method.  The destination thread no longer exists.
   at System.Windows.Forms.WindowsFormsSynchronizationContext.Send(SendOrPostCallback d, Object state)
   at Awesomium.Core.WebCore.wvjjlbeQdqUVO5E6FXD(Object , Object , Object )
   at Awesomium.Core.WebCore.ioXQMTP1sf()
[1007/214617:INFO:(0)] WebCore is now online.
[1007/214617:INFO:(0)] Running Awesomium 1.7.5.1
[1007/214627:INFO:(0)] WebCore is now online.
[1007/214627:INFO:(0)] Running Awesomium 1.7.5.1
[1007/214632:INFO:(0)] WebCore is now online.
[1007/214632:INFO:(0)] Running Awesomium 1.7.5.1
[1007/214633:INFO:(0)] WebCore is now online.
[1007/214633:INFO:(0)] Running Awesomium 1.7.5.1
[1007/214636:WARNING:Awesomium.NET(0)] System.ComponentModel.InvalidAsynchronousStateException: An error occurred invoking the method.  The destination thread no longer exists.
   at System.Windows.Forms.WindowsFormsSynchronizationContext.Send(SendOrPostCallback d, Object state)
   at Awesomium.Core.WebCore.wvjjlbeQdqUVO5E6FXD(Object , Object , Object )
   at Awesomium.Core.WebCore.ioXQMTP1sf()
[1007/214643:ERROR:ipc_channel_win.cc(261)] pipe error: 109
[1007/214643:WARNING:Awesomium.NET(0)] System.ComponentModel.InvalidAsynchronousStateException: An error occurred invoking the method.  The destination thread no longer exists.
   at System.Windows.Forms.WindowsFormsSynchronizationContext.Send(SendOrPostCallback d, Object state)
   at Awesomium.Core.WebCore.wvjjlbeQdqUVO5E6FXD(Object , Object , Object )
   at Awesomium.Core.WebCore.ioXQMTP1sf()
[1007/214648:WARNING:Awesomium.NET(0)] System.ComponentModel.InvalidAsynchronousStateException: An error occurred invoking the method.  The destination thread no longer exists.
   at System.Windows.Forms.WindowsFormsSynchronizationContext.Send(SendOrPostCallback d, Object state)
   at Awesomium.Core.WebCore.wvjjlbeQdqUVO5E6FXD(Object , Object , Object )
   at Awesomium.Core.WebCore.ioXQMTP1sf()
[1007/214650:INFO:(0)] WebCore is now online.
[1007/214651:INFO:(0)] Running Awesomium 1.7.5.1
[1007/214707:ERROR:ssl_client_socket_nss.cc(1529)] handshake with server fonts.googleapis.com:443 failed; NSS error code -5938, net_error -107
[1007/215226:WARNING:Awesomium.NET(0)] System.ComponentModel.InvalidAsynchronousStateException: An error occurred invoking the method.  The destination thread no longer exists.
   at System.Windows.Forms.WindowsFormsSynchronizationContext.Send(SendOrPostCallback d, Object state)
   at Awesomium.Core.WebCore.wvjjlbeQdqUVO5E6FXD(Object , Object , Object )
   at Awesomium.Core.WebCore.ioXQMTP1sf()
[1008/141521:INFO:(0)] WebCore is now online.
[1008/141521:INFO:(0)] Running Awesomium 1.7.5.1
[1008/211650:WARNING:Awesomium.NET(0)] System.ComponentModel.InvalidAsynchronousStateException: An error occurred invoking the method.  The destination thread no longer exists.
   at System.Windows.Forms.WindowsFormsSynchronizationContext.Send(SendOrPostCallback d, Object state)
   at Awesomium.Core.WebCore.wvjjlbeQdqUVO5E6FXD(Object , Object , Object )
   at Awesomium.Core.WebCore.ioXQMTP1sf()
[1010/141738:INFO:(0)] WebCore is now online.
[1010/141738:INFO:(0)] Running Awesomium 1.7.5.1
[1010/141749:INFO:(0)] WebCore is now online.
[1010/141749:INFO:(0)] Running Awesomium 1.7.5.1
[1010/142436:WARNING:Awesomium.NET(0)] System.ComponentModel.InvalidAsynchronousStateException: An error occurred invoking the method.  The destination thread no longer exists.
   at System.Windows.Forms.WindowsFormsSynchronizationContext.Send(SendOrPostCallback d, Object state)
   at Awesomium.Core.WebCore.wvjjlbeQdqUVO5E6FXD(Object , Object , Object )
   at Awesomium.Core.WebCore.ioXQMTP1sf()
[1010/235315:INFO:(0)] WebCore is now online.
[1010/235315:INFO:(0)] Running Awesomium 1.7.5.1
[1010/235335:ERROR:ipc_channel_win.cc(360)] pipe error: 232
[1010/235337:INFO:(0)] WebCore is now online.
[1010/235337:INFO:(0)] Running Awesomium 1.7.5.1
[1010/235546:ERROR:ipc_channel_win.cc(261)] pipe error: 109
[1010/235546:WARNING:Awesomium.NET(0)] System.ComponentModel.InvalidAsynchronousStateException: An error occurred invoking the method.  The destination thread no longer exists.
   at System.Windows.Forms.WindowsFormsSynchronizationContext.Send(SendOrPostCallback d, Object state)
   at Awesomium.Core.WebCore.wvjjlbeQdqUVO5E6FXD(Object , Object , Object )
   at Awesomium.Core.WebCore.ioXQMTP1sf()
[1010/235549:INFO:(0)] WebCore is now online.
[1010/235549:INFO:(0)] Running Awesomium 1.7.5.1
[1010/235728:ERROR:ipc_channel_win.cc(261)] pipe error: 109
[1010/235728:WARNING:Awesomium.NET(0)] System.ComponentModel.InvalidAsynchronousStateException: An error occurred invoking the method.  The destination thread no longer exists.
   at System.Windows.Forms.WindowsFormsSynchronizationContext.Send(SendOrPostCallback d, Object state)
   at Awesomium.Core.WebCore.wvjjlbeQdqUVO5E6FXD(Object , Object , Object )
   at Awesomium.Core.WebCore.ioXQMTP1sf()
[1012/105048:INFO:(0)] WebCore is now online.
[1012/105048:INFO:(0)] Running Awesomium 1.7.5.1
[1012/105110:INFO:(0)] WebCore is now online.
[1012/105110:INFO:(0)] Running Awesomium 1.7.5.1
[1012/105654:WARNING:Awesomium.NET(0)] System.ComponentModel.InvalidAsynchronousStateException: An error occurred invoking the method.  The destination thread no longer exists.
   at System.Windows.Forms.WindowsFormsSynchronizationContext.Send(SendOrPostCallback d, Object state)
   at Awesomium.Core.WebCore.wvjjlbeQdqUVO5E6FXD(Object , Object , Object )
   at Awesomium.Core.WebCore.ioXQMTP1sf()
[1012/105826:INFO:(0)] WebCore is now online.
[1012/105826:INFO:(0)] Running Awesomium 1.7.5.1
[1012/105956:ERROR:ipc_channel_win.cc(261)] pipe error: 109
[1012/105956:WARNING:Awesomium.NET(0)] System.ComponentModel.InvalidAsynchronousStateException: An error occurred invoking the method.  The destination thread no longer exists.
   at System.Windows.Forms.WindowsFormsSynchronizationContext.Send(SendOrPostCallback d, Object state)
   at Awesomium.Core.WebCore.wvjjlbeQdqUVO5E6FXD(Object , Object , Object )
   at Awesomium.Core.WebCore.ioXQMTP1sf()
[1012/190044:INFO:(0)] WebCore is now online.
[1012/190044:INFO:(0)] Running Awesomium 1.7.5.1
[1012/190109:WARNING:Awesomium.NET(0)] System.ComponentModel.InvalidAsynchronousStateException: An error occurred invoking the method.  The destination thread no longer exists.
   at System.Windows.Forms.WindowsFormsSynchronizationContext.Send(SendOrPostCallback d, Object state)
   at Awesomium.Core.WebCore.wvjjlbeQdqUVO5E6FXD(Object , Object , Object )
   at Awesomium.Core.WebCore.ioXQMTP1sf()
[1012/190111:INFO:(0)] WebCore is now online.
[1012/190111:INFO:(0)] Running Awesomium 1.7.5.1
[1012/190306:ERROR:ipc_channel_win.cc(261)] pipe error: 109
[1012/190306:WARNING:Awesomium.NET(0)] System.ComponentModel.InvalidAsynchronousStateException: An error occurred invoking the method.  The destination thread no longer exists.
   at System.Windows.Forms.WindowsFormsSynchronizationContext.Send(SendOrPostCallback d, Object state)
   at Awesomium.Core.WebCore.wvjjlbeQdqUVO5E6FXD(Object , Object , Object )
   at Awesomium.Core.WebCore.ioXQMTP1sf()
[1012/212156:INFO:(0)] WebCore is now online.
[1012/212156:INFO:(0)] Running Awesomium 1.7.5.1
[1012/213045:WARNING:Awesomium.NET(0)] System.ComponentModel.InvalidAsynchronousStateException: An error occurred invoking the method.  The destination thread no longer exists.
   at System.Windows.Forms.WindowsFormsSynchronizationContext.Send(SendOrPostCallback d, Object state)
   at Awesomium.Core.WebCore.wvjjlbeQdqUVO5E6FXD(Object , Object , Object )
   at Awesomium.Core.WebCore.ioXQMTP1sf()
[1012/213051:INFO:(0)] WebCore is now online.
[1012/213051:INFO:(0)] Running Awesomium 1.7.5.1
[1012/224959:WARNING:Awesomium.NET(0)] System.ComponentModel.InvalidAsynchronousStateException: An error occurred invoking the method.  The destination thread no longer exists.
   at System.Windows.Forms.WindowsFormsSynchronizationContext.Send(SendOrPostCallback d, Object state)
   at Awesomium.Core.WebCore.wvjjlbeQdqUVO5E6FXD(Object , Object , Object )
   at Awesomium.Core.WebCore.ioXQMTP1sf()
[1013/115140:INFO:(0)] WebCore is now online.
[1013/115140:INFO:(0)] Running Awesomium 1.7.5.1
[1013/115218:WARNING:Awesomium.NET(0)] System.ComponentModel.InvalidAsynchronousStateException: An error occurred invoking the method.  The destination thread no longer exists.
   at System.Windows.Forms.WindowsFormsSynchronizationContext.Send(SendOrPostCallback d, Object state)
   at Awesomium.Core.WebCore.wvjjlbeQdqUVO5E6FXD(Object , Object , Object )
   at Awesomium.Core.WebCore.ioXQMTP1sf()
[1013/153636:INFO:(0)] WebCore is now online.
[1013/153636:INFO:(0)] Running Awesomium 1.7.5.1
[1013/154046:WARNING:Awesomium.NET(0)] System.ComponentModel.InvalidAsynchronousStateException: An error occurred invoking the method.  The destination thread no longer exists.
   at System.Windows.Forms.WindowsFormsSynchronizationContext.Send(SendOrPostCallback d, Object state)
   at Awesomium.Core.WebCore.wvjjlbeQdqUVO5E6FXD(Object , Object , Object )
   at Awesomium.Core.WebCore.ioXQMTP1sf()
[1013/154344:INFO:(0)] WebCore is now online.
[1013/154344:INFO:(0)] Running Awesomium 1.7.5.1
[1013/154819:WARNING:Awesomium.NET(0)] System.ComponentModel.InvalidAsynchronousStateException: An error occurred invoking the method.  The destination thread no longer exists.
   at System.Windows.Forms.WindowsFormsSynchronizationContext.Send(SendOrPostCallback d, Object state)
   at Awesomium.Core.WebCore.wvjjlbeQdqUVO5E6FXD(Object , Object , Object )
   at Awesomium.Core.WebCore.ioXQMTP1sf()
[1013/155045:INFO:(0)] WebCore is now online.
[1013/155045:INFO:(0)] Running Awesomium 1.7.5.1
[1013/155100:ERROR:ipc_channel_win.cc(261)] pipe error: 109
[1013/155100:WARNING:Awesomium.NET(0)] System.ComponentModel.InvalidAsynchronousStateException: An error occurred invoking the method.  The destination thread no longer exists.
   at System.Windows.Forms.WindowsFormsSynchronizationContext.Send(SendOrPostCallback d, Object state)
   at Awesomium.Core.WebCore.wvjjlbeQdqUVO5E6FXD(Object , Object , Object )
   at Awesomium.Core.WebCore.ioXQMTP1sf()
[1013/155115:INFO:(0)] WebCore is now online.
[1013/155115:INFO:(0)] Running Awesomium 1.7.5.1
[1013/160456:WARNING:Awesomium.NET(0)] System.ComponentModel.InvalidAsynchronousStateException: An error occurred invoking the method.  The destination thread no longer exists.
   at System.Windows.Forms.WindowsFormsSynchronizationContext.Send(SendOrPostCallback d, Object state)
   at Awesomium.Core.WebCore.wvjjlbeQdqUVO5E6FXD(Object , Object , Object )
   at Awesomium.Core.WebCore.ioXQMTP1sf()
[1013/160901:INFO:(0)] WebCore is now online.
[1013/160901:INFO:(0)] Running Awesomium 1.7.5.1
[1013/181702:INFO:(0)] WebCore is now online.
[1013/181702:INFO:(0)] Running Awesomium 1.7.5.1
[1013/182117:ERROR:ipc_channel_win.cc(261)] pipe error: 109
[1013/182117:WARNING:Awesomium.NET(0)] System.ComponentModel.InvalidAsynchronousStateException: An error occurred invoking the method.  The destination thread no longer exists.
   at System.Windows.Forms.WindowsFormsSynchronizationContext.Send(SendOrPostCallback d, Object state)
   at Awesomium.Core.WebCore.wvjjlbeQdqUVO5E6FXD(Object , Object , Object )
   at Awesomium.Core.WebCore.ioXQMTP1sf()
[1014/061941:INFO:(0)] WebCore is now online.
[1014/061941:INFO:(0)] Running Awesomium 1.7.5.1
[1014/062133:WARNING:Awesomium.NET(0)] System.ComponentModel.InvalidAsynchronousStateException: An error occurred invoking the method.  The destination thread no longer exists.
   at System.Windows.Forms.WindowsFormsSynchronizationContext.Send(SendOrPostCallback d, Object state)
   at Awesomium.Core.WebCore.wvjjlbeQdqUVO5E6FXD(Object , Object , Object )
   at Awesomium.Core.WebCore.ioXQMTP1sf()
[1014/091014:INFO:(0)] WebCore is now online.
[1014/091014:INFO:(0)] Running Awesomium 1.7.5.1
[1014/091207:ERROR:ipc_channel_win.cc(261)] pipe error: 109
[1014/091207:WARNING:Awesomium.NET(0)] System.ComponentModel.InvalidAsynchronousStateException: An error occurred invoking the method.  The destination thread no longer exists.
   at System.Windows.Forms.WindowsFormsSynchronizationContext.Send(SendOrPostCallback d, Object state)
   at Awesomium.Core.WebCore.wvjjlbeQdqUVO5E6FXD(Object , Object , Object )
   at Awesomium.Core.WebCore.ioXQMTP1sf()
[1014/091541:INFO:(0)] WebCore is now online.
[1014/091541:INFO:(0)] Running Awesomium 1.7.5.1
[1014/094711:WARNING:Awesomium.NET(0)] System.ComponentModel.InvalidAsynchronousStateException: An error occurred invoking the method.  The destination thread no longer exists.
   at System.Windows.Forms.WindowsFormsSynchronizationContext.Send(SendOrPostCallback d, Object state)
   at Awesomium.Core.WebCore.wvjjlbeQdqUVO5E6FXD(Object , Object , Object )
   at Awesomium.Core.WebCore.ioXQMTP1sf()
[1014/094917:INFO:(0)] WebCore is now online.
[1014/094917:INFO:(0)] Running Awesomium 1.7.5.1
[1014/094942:WARNING:Awesomium.NET(0)] System.ComponentModel.InvalidAsynchronousStateException: An error occurred invoking the method.  The destination thread no longer exists.
   at System.Windows.Forms.WindowsFormsSynchronizationContext.Send(SendOrPostCallback d, Object state)
   at Awesomium.Core.WebCore.wvjjlbeQdqUVO5E6FXD(Object , Object , Object )
   at Awesomium.Core.WebCore.ioXQMTP1sf()
[1014/094944:INFO:(0)] WebCore is now online.
[1014/094944:INFO:(0)] Running Awesomium 1.7.5.1
[1014/094957:INFO:(0)] WebCore is now online.
[1014/094957:INFO:(0)] Running Awesomium 1.7.5.1
[1014/095146:WARNING:Awesomium.NET(0)] System.ComponentModel.InvalidAsynchronousStateException: An error occurred invoking the method.  The destination thread no longer exists.
   at System.Windows.Forms.WindowsFormsSynchronizationContext.Send(SendOrPostCallback d, Object state)
   at Awesomium.Core.WebCore.wvjjlbeQdqUVO5E6FXD(Object , Object , Object )
   at Awesomium.Core.WebCore.ioXQMTP1sf()
[1014/103052:INFO:(0)] WebCore is now online.
[1014/103052:INFO:(0)] Running Awesomium 1.7.5.1
[1014/215948:INFO:(0)] WebCore is now online.
[1014/215948:INFO:(0)] Running Awesomium 1.7.5.1
[1014/220135:WARNING:Awesomium.NET(0)] System.ComponentModel.InvalidAsynchronousStateException: An error occurred invoking the method.  The destination thread no longer exists.
   at System.Windows.Forms.WindowsFormsSynchronizationContext.Send(SendOrPostCallback d, Object state)
   at Awesomium.Core.WebCore.wvjjlbeQdqUVO5E6FXD(Object , Object , Object )
   at Awesomium.Core.WebCore.ioXQMTP1sf()
[1029/114306:INFO:(0)] WebCore is now online.
[1029/114306:INFO:(0)] Running Awesomium 1.7.5.1
[1106/101535:INFO:(0)] WebCore is now online.
[1106/101535:INFO:(0)] Running Awesomium 1.7.5.1
[1106/101540:INFO:(0)] WebCore is now online.
[1106/101540:INFO:(0)] Running Awesomium 1.7.5.1
[1106/101606:ERROR:ipc_channel_win.cc(261)] pipe error: 109
[1106/101607:WARNING:Awesomium.NET(0)] System.ComponentModel.InvalidAsynchronousStateException: An error occurred invoking the method.  The destination thread no longer exists.
   at System.Windows.Forms.WindowsFormsSynchronizationContext.Send(SendOrPostCallback d, Object state)
   at Awesomium.Core.WebCore.wvjjlbeQdqUVO5E6FXD(Object , Object , Object )
   at Awesomium.Core.WebCore.ioXQMTP1sf()
[1106/101609:INFO:(0)] WebCore is now online.
[1106/101609:INFO:(0)] Running Awesomium 1.7.5.1
[1106/101637:WARNING:Awesomium.NET(0)] System.ComponentModel.InvalidAsynchronousStateException: An error occurred invoking the method.  The destination thread no longer exists.
   at System.Windows.Forms.WindowsFormsSynchronizationContext.Send(SendOrPostCallback d, Object state)
   at Awesomium.Core.WebCore.wvjjlbeQdqUVO5E6FXD(Object , Object , Object )
   at Awesomium.Core.WebCore.ioXQMTP1sf()
[1112/183758:INFO:(0)] WebCore is now online.
[1112/183758:INFO:(0)] Running Awesomium 1.7.5.1
[1123/192433:INFO:(0)] WebCore is now online.
[1123/192433:INFO:(0)] Running Awesomium 1.7.5.1
[1207/133759:INFO:(0)] WebCore is now online.
[1207/133759:INFO:(0)] Running Awesomium 1.7.5.1
[1207/133924:WARNING:Awesomium.NET(0)] System.ComponentModel.InvalidAsynchronousStateException: An error occurred invoking the method.  The destination thread no longer exists.
   at System.Windows.Forms.WindowsFormsSynchronizationContext.Send(SendOrPostCallback d, Object state)
   at Awesomium.Core.WebCore.wvjjlbeQdqUVO5E6FXD(Object , Object , Object )
   at Awesomium.Core.WebCore.ioXQMTP1sf()
[1207/135749:INFO:(0)] WebCore is now online.
[1207/135749:INFO:(0)] Running Awesomium 1.7.5.1
[1207/140012:WARNING:Awesomium.NET(0)] System.ComponentModel.InvalidAsynchronousStateException: An error occurred invoking the method.  The destination thread no longer exists.
   at System.Windows.Forms.WindowsFormsSynchronizationContext.Send(SendOrPostCallback d, Object state)
   at Awesomium.Core.WebCore.wvjjlbeQdqUVO5E6FXD(Object , Object , Object )
   at Awesomium.Core.WebCore.ioXQMTP1sf()
[0118/220209:INFO:(0)] WebCore is now online.
[0118/220209:INFO:(0)] Running Awesomium 1.7.5.1
[0118/220220:WARNING:Awesomium.NET(0)] System.ComponentModel.InvalidAsynchronousStateException: An error occurred invoking the method.  The destination thread no longer exists.
   at System.Windows.Forms.WindowsFormsSynchronizationContext.Send(SendOrPostCallback d, Object state)
   at Awesomium.Core.WebCore.wvjjlbeQdqUVO5E6FXD(Object , Object , Object )
   at Awesomium.Core.WebCore.ioXQMTP1sf()
[0118/220223:INFO:(0)] WebCore is now online.
[0118/220223:INFO:(0)] Running Awesomium 1.7.5.1
[0118/220254:ERROR:ipc_channel_win.cc(261)] pipe error: 109
[0118/220254:WARNING:Awesomium.NET(0)] System.ComponentModel.InvalidAsynchronousStateException: An error occurred invoking the method.  The destination thread no longer exists.
   at System.Windows.Forms.WindowsFormsSynchronizationContext.Send(SendOrPostCallback d, Object state)
   at Awesomium.Core.WebCore.wvjjlbeQdqUVO5E6FXD(Object , Object , Object )
   at Awesomium.Core.WebCore.ioXQMTP1sf()
[0229/071406:INFO:(0)] WebCore is now online.
[0229/071406:INFO:(0)] Running Awesomium 1.7.5.1
[0229/074750:INFO:(0)] WebCore is now online.
[0229/074750:INFO:(0)] Running Awesomium 1.7.5.1
[0229/075147:WARNING:Awesomium.NET(0)] System.ComponentModel.InvalidAsynchronousStateException: An error occurred invoking the method.  The destination thread no longer exists.
   at System.Windows.Forms.WindowsFormsSynchronizationContext.Send(SendOrPostCallback d, Object state)
   at Awesomium.Core.WebCore.wvjjlbeQdqUVO5E6FXD(Object , Object , Object )
   at Awesomium.Core.WebCore.ioXQMTP1sf()
[0405/195852:INFO:(0)] WebCore is now online.
[0405/195852:INFO:(0)] Running Awesomium 1.7.5.1
[0405/195926:ERROR:ipc_channel_win.cc(261)] pipe error: 109
[0405/195926:WARNING:Awesomium.NET(0)] System.ComponentModel.InvalidAsynchronousStateException: An error occurred invoking the method.  The destination thread no longer exists.
   at System.Windows.Forms.WindowsFormsSynchronizationContext.Send(SendOrPostCallback d, Object state)
   at Awesomium.Core.WebCore.wvjjlbeQdqUVO5E6FXD(Object , Object , Object )
   at Awesomium.Core.WebCore.ioXQMTP1sf()
[0501/212857:INFO:(0)] WebCore is now online.
[0501/212857:INFO:(0)] Running Awesomium 1.7.5.1
[0501/213002:WARNING:Awesomium.NET(0)] System.ComponentModel.InvalidAsynchronousStateException: An error occurred invoking the method.  The destination thread no longer exists.
   at System.Windows.Forms.WindowsFormsSynchronizationContext.Send(SendOrPostCallback d, Object state)
   at Awesomium.Core.WebCore.wvjjlbeQdqUVO5E6FXD(Object , Object , Object )
   at Awesomium.Core.WebCore.ioXQMTP1sf()
[0507/172730:INFO:(0)] WebCore is now online.
[0507/172730:INFO:(0)] Running Awesomium 1.7.5.1
[0508/163635:INFO:(0)] WebCore is now online.
[0508/163635:INFO:(0)] Running Awesomium 1.7.5.1
[0508/164134:INFO:(0)] WebCore is now online.
[0508/164134:INFO:(0)] Running Awesomium 1.7.5.1
[0508/164317:WARNING:Awesomium.NET(0)] System.ComponentModel.InvalidAsynchronousStateException: An error occurred invoking the method.  The destination thread no longer exists.
   at System.Windows.Forms.WindowsFormsSynchronizationContext.Send(SendOrPostCallback d, Object state)
   at Awesomium.Core.WebCore.wvjjlbeQdqUVO5E6FXD(Object , Object , Object )
   at Awesomium.Core.WebCore.ioXQMTP1sf()
[0508/174902:INFO:(0)] WebCore is now online.
[0508/174902:INFO:(0)] Running Awesomium 1.7.5.1
[0508/174957:ERROR:ipc_channel_win.cc(261)] pipe error: 109
[0508/174957:WARNING:Awesomium.NET(0)] System.ComponentModel.InvalidAsynchronousStateException: An error occurred invoking the method.  The destination thread no longer exists.
   at System.Windows.Forms.WindowsFormsSynchronizationContext.Send(SendOrPostCallback d, Object state)
   at Awesomium.Core.WebCore.wvjjlbeQdqUVO5E6FXD(Object , Object , Object )
   at Awesomium.Core.WebCore.ioXQMTP1sf()
[0508/220022:INFO:(0)] WebCore is now online.
[0508/220022:INFO:(0)] Running Awesomium 1.7.5.1
[0508/220048:ERROR:ipc_channel_win.cc(261)] pipe error: 109
[0508/220048:WARNING:Awesomium.NET(0)] System.ComponentModel.InvalidAsynchronousStateException: An error occurred invoking the method.  The destination thread no longer exists.
   at System.Windows.Forms.WindowsFormsSynchronizationContext.Send(SendOrPostCallback d, Object state)
   at Awesomium.Core.WebCore.wvjjlbeQdqUVO5E6FXD(Object , Object , Object )
   at Awesomium.Core.WebCore.ioXQMTP1sf()
[0508/220052:INFO:(0)] WebCore is now online.
[0508/220052:INFO:(0)] Running Awesomium 1.7.5.1
[0509/103034:INFO:(0)] WebCore is now online.
[0509/103034:INFO:(0)] Running Awesomium 1.7.5.1
[0509/104505:INFO:(0)] WebCore is now online.
[0509/104505:INFO:(0)] Running Awesomium 1.7.5.1
[0509/104511:WARNING:Awesomium.NET(0)] System.ComponentModel.InvalidAsynchronousStateException: An error occurred invoking the method.  The destination thread no longer exists.
   at System.Windows.Forms.WindowsFormsSynchronizationContext.Send(SendOrPostCallback d, Object state)
   at Awesomium.Core.WebCore.wvjjlbeQdqUVO5E6FXD(Object , Object , Object )
   at Awesomium.Core.WebCore.ioXQMTP1sf()
[0509/104544:INFO:(0)] WebCore is now online.
[0509/104544:INFO:(0)] Running Awesomium 1.7.5.1
[0509/104718:INFO:(0)] WebCore is now online.
[0509/104718:INFO:(0)] Running Awesomium 1.7.5.1
[0509/104852:ERROR:ipc_channel_win.cc(261)] pipe error: 109
[0509/104852:WARNING:Awesomium.NET(0)] System.ComponentModel.InvalidAsynchronousStateException: An error occurred invoking the method.  The destination thread no longer exists.
   at System.Windows.Forms.WindowsFormsSynchronizationContext.Send(SendOrPostCallback d, Object state)
   at Awesomium.Core.WebCore.wvjjlbeQdqUVO5E6FXD(Object , Object , Object )
   at Awesomium.Core.WebCore.ioXQMTP1sf()
[0509/104923:INFO:(0)] WebCore is now online.
[0509/104923:INFO:(0)] Running Awesomium 1.7.5.1
[0509/105046:ERROR:ipc_channel_win.cc(261)] pipe error: 109
[0509/105046:WARNING:Awesomium.NET(0)] System.ComponentModel.InvalidAsynchronousStateException: An error occurred invoking the method.  The destination thread no longer exists.
   at System.Windows.Forms.WindowsFormsSynchronizationContext.Send(SendOrPostCallback d, Object state)
   at Awesomium.Core.WebCore.wvjjlbeQdqUVO5E6FXD(Object , Object , Object )
   at Awesomium.Core.WebCore.ioXQMTP1sf()
[0509/153137:INFO:(0)] WebCore is now online.
[0509/153137:INFO:(0)] Running Awesomium 1.7.5.1
[0509/153147:INFO:(0)] WebCore is now online.
[0509/153147:INFO:(0)] Running Awesomium 1.7.5.1
[0509/153229:WARNING:Awesomium.NET(0)] System.ComponentModel.InvalidAsynchronousStateException: An error occurred invoking the method.  The destination thread no longer exists.
   at System.Windows.Forms.WindowsFormsSynchronizationContext.Send(SendOrPostCallback d, Object state)
   at Awesomium.Core.WebCore.wvjjlbeQdqUVO5E6FXD(Object , Object , Object )
   at Awesomium.Core.WebCore.ioXQMTP1sf()
[0509/154725:INFO:(0)] WebCore is now online.
[0509/154725:INFO:(0)] Running Awesomium 1.7.5.1
[0509/154802:ERROR:ipc_channel_win.cc(261)] pipe error: 109
[0509/154802:WARNING:Awesomium.NET(0)] System.ComponentModel.InvalidAsynchronousStateException: An error occurred invoking the method.  The destination thread no longer exists.
   at System.Windows.Forms.WindowsFormsSynchronizationContext.Send(SendOrPostCallback d, Object state)
   at Awesomium.Core.WebCore.wvjjlbeQdqUVO5E6FXD(Object , Object , Object )
   at Awesomium.Core.WebCore.ioXQMTP1sf()
[0509/154946:INFO:(0)] WebCore is now online.
[0509/154946:INFO:(0)] Running Awesomium 1.7.5.1
[0509/155022:ERROR:ipc_channel_win.cc(261)] pipe error: 109
[0509/155022:WARNING:Awesomium.NET(0)] System.ComponentModel.InvalidAsynchronousStateException: An error occurred invoking the method.  The destination thread no longer exists.
   at System.Windows.Forms.WindowsFormsSynchronizationContext.Send(SendOrPostCallback d, Object state)
   at Awesomium.Core.WebCore.wvjjlbeQdqUVO5E6FXD(Object , Object , Object )
   at Awesomium.Core.WebCore.ioXQMTP1sf()
[0510/000127:INFO:(0)] WebCore is now online.
[0510/000127:INFO:(0)] Running Awesomium 1.7.5.1
[0510/000159:ERROR:ssl_client_socket_nss.cc(1529)] handshake with server fonts.googleapis.com:443 failed; NSS error code -5938, net_error -107
[0510/000604:WARNING:Awesomium.NET(0)] System.ComponentModel.InvalidAsynchronousStateException: An error occurred invoking the method.  The destination thread no longer exists.
   at System.Windows.Forms.WindowsFormsSynchronizationContext.Send(SendOrPostCallback d, Object state)
   at Awesomium.Core.WebCore.wvjjlbeQdqUVO5E6FXD(Object , Object , Object )
   at Awesomium.Core.WebCore.ioXQMTP1sf()
[0510/000609:INFO:(0)] WebCore is now online.
[0510/000609:INFO:(0)] Running Awesomium 1.7.5.1
[0510/000923:ERROR:ipc_channel_win.cc(261)] pipe error: 109
[0510/000923:WARNING:Awesomium.NET(0)] System.ComponentModel.InvalidAsynchronousStateException: An error occurred invoking the method.  The destination thread no longer exists.
   at System.Windows.Forms.WindowsFormsSynchronizationContext.Send(SendOrPostCallback d, Object state)
   at Awesomium.Core.WebCore.wvjjlbeQdqUVO5E6FXD(Object , Object , Object )
   at Awesomium.Core.WebCore.ioXQMTP1sf()
[0510/000948:INFO:(0)] WebCore is now online.
[0510/000948:INFO:(0)] Running Awesomium 1.7.5.1
[0510/001016:ERROR:ipc_channel_win.cc(261)] pipe error: 109
[0510/001016:WARNING:Awesomium.NET(0)] System.ComponentModel.InvalidAsynchronousStateException: An error occurred invoking the method.  The destination thread no longer exists.
   at System.Windows.Forms.WindowsFormsSynchronizationContext.Send(SendOrPostCallback d, Object state)
   at Awesomium.Core.WebCore.wvjjlbeQdqUVO5E6FXD(Object , Object , Object )
   at Awesomium.Core.WebCore.ioXQMTP1sf()
[0510/001020:INFO:(0)] WebCore is now online.
[0510/001020:INFO:(0)] Running Awesomium 1.7.5.1
[0510/001048:INFO:(0)] WebCore is now online.
[0510/001048:INFO:(0)] Running Awesomium 1.7.5.1
[0510/001138:ERROR:ipc_channel_win.cc(261)] pipe error: 109
[0510/001138:WARNING:Awesomium.NET(0)] System.ComponentModel.InvalidAsynchronousStateException: An error occurred invoking the method.  The destination thread no longer exists.
   at System.Windows.Forms.WindowsFormsSynchronizationContext.Send(SendOrPostCallback d, Object state)
   at Awesomium.Core.WebCore.wvjjlbeQdqUVO5E6FXD(Object , Object , Object )
   at Awesomium.Core.WebCore.ioXQMTP1sf()
[0510/001141:INFO:(0)] WebCore is now online.
[0510/001141:INFO:(0)] Running Awesomium 1.7.5.1
[0510/001236:WARNING:Awesomium.NET(0)] System.ComponentModel.InvalidAsynchronousStateException: An error occurred invoking the method.  The destination thread no longer exists.
   at System.Windows.Forms.WindowsFormsSynchronizationContext.Send(SendOrPostCallback d, Object state)
   at Awesomium.Core.WebCore.wvjjlbeQdqUVO5E6FXD(Object , Object , Object )
   at Awesomium.Core.WebCore.ioXQMTP1sf()
[0510/001239:INFO:(0)] WebCore is now online.
[0510/001239:INFO:(0)] Running Awesomium 1.7.5.1
[0510/001311:ERROR:ipc_channel_win.cc(261)] pipe error: 109
[0510/001311:WARNING:Awesomium.NET(0)] System.ComponentModel.InvalidAsynchronousStateException: An error occurred invoking the method.  The destination thread no longer exists.
   at System.Windows.Forms.WindowsFormsSynchronizationContext.Send(SendOrPostCallback d, Object state)
   at Awesomium.Core.WebCore.wvjjlbeQdqUVO5E6FXD(Object , Object , Object )
   at Awesomium.Core.WebCore.ioXQMTP1sf()
[0510/001343:INFO:(0)] WebCore is now online.
[0510/001343:INFO:(0)] Running Awesomium 1.7.5.1
[0510/001517:WARNING:Awesomium.NET(0)] System.ComponentModel.InvalidAsynchronousStateException: An error occurred invoking the method.  The destination thread no longer exists.
   at System.Windows.Forms.WindowsFormsSynchronizationContext.Send(SendOrPostCallback d, Object state)
   at Awesomium.Core.WebCore.wvjjlbeQdqUVO5E6FXD(Object , Object , Object )
   at Awesomium.Core.WebCore.ioXQMTP1sf()
[0510/001520:INFO:(0)] WebCore is now online.
[0510/001520:INFO:(0)] Running Awesomium 1.7.5.1
[0510/001634:WARNING:Awesomium.NET(0)] System.ComponentModel.InvalidAsynchronousStateException: An error occurred invoking the method.  The destination thread no longer exists.
   at System.Windows.Forms.WindowsFormsSynchronizationContext.Send(SendOrPostCallback d, Object state)
   at Awesomium.Core.WebCore.wvjjlbeQdqUVO5E6FXD(Object , Object , Object )
   at Awesomium.Core.WebCore.ioXQMTP1sf()
[0510/001637:INFO:(0)] WebCore is now online.
[0510/001637:INFO:(0)] Running Awesomium 1.7.5.1
[0510/001747:ERROR:ipc_channel_win.cc(261)] pipe error: 109
[0510/001747:WARNING:Awesomium.NET(0)] System.ComponentModel.InvalidAsynchronousStateException: An error occurred invoking the method.  The destination thread no longer exists.
   at System.Windows.Forms.WindowsFormsSynchronizationContext.Send(SendOrPostCallback d, Object state)
   at Awesomium.Core.WebCore.wvjjlbeQdqUVO5E6FXD(Object , Object , Object )
   at Awesomium.Core.WebCore.ioXQMTP1sf()
[0510/001821:INFO:(0)] WebCore is now online.
[0510/001821:INFO:(0)] Running Awesomium 1.7.5.1
[0510/001931:ERROR:ipc_channel_win.cc(261)] pipe error: 109
[0510/001931:WARNING:Awesomium.NET(0)] System.ComponentModel.InvalidAsynchronousStateException: An error occurred invoking the method.  The destination thread no longer exists.
   at System.Windows.Forms.WindowsFormsSynchronizationContext.Send(SendOrPostCallback d, Object state)
   at Awesomium.Core.WebCore.wvjjlbeQdqUVO5E6FXD(Object , Object , Object )
   at Awesomium.Core.WebCore.ioXQMTP1sf()
[0510/001934:INFO:(0)] WebCore is now online.
[0510/001934:INFO:(0)] Running Awesomium 1.7.5.1
[0510/002056:ERROR:ipc_channel_win.cc(261)] pipe error: 109
[0510/002056:WARNING:Awesomium.NET(0)] System.ComponentModel.InvalidAsynchronousStateException: An error occurred invoking the method.  The destination thread no longer exists.
   at System.Windows.Forms.WindowsFormsSynchronizationContext.Send(SendOrPostCallback d, Object state)
   at Awesomium.Core.WebCore.wvjjlbeQdqUVO5E6FXD(Object , Object , Object )
   at Awesomium.Core.WebCore.ioXQMTP1sf()
[0510/002100:INFO:(0)] WebCore is now online.
[0510/002100:INFO:(0)] Running Awesomium 1.7.5.1
[0510/002313:ERROR:ipc_channel_win.cc(261)] pipe error: 109
[0510/002313:WARNING:Awesomium.NET(0)] System.ComponentModel.InvalidAsynchronousStateException: An error occurred invoking the method.  The destination thread no longer exists.
   at System.Windows.Forms.WindowsFormsSynchronizationContext.Send(SendOrPostCallback d, Object state)
   at Awesomium.Core.WebCore.wvjjlbeQdqUVO5E6FXD(Object , Object , Object )
   at Awesomium.Core.WebCore.ioXQMTP1sf()
[0510/002316:INFO:(0)] WebCore is now online.
[0510/002316:INFO:(0)] Running Awesomium 1.7.5.1
[0510/002905:WARNING:Awesomium.NET(0)] System.ComponentModel.InvalidAsynchronousStateException: An error occurred invoking the method.  The destination thread no longer exists.
   at System.Windows.Forms.WindowsFormsSynchronizationContext.Send(SendOrPostCallback d, Object state)
   at Awesomium.Core.WebCore.wvjjlbeQdqUVO5E6FXD(Object , Object , Object )
   at Awesomium.Core.WebCore.ioXQMTP1sf()
[0510/002908:INFO:(0)] WebCore is now online.
[0510/002908:INFO:(0)] Running Awesomium 1.7.5.1
[0510/003032:WARNING:Awesomium.NET(0)] System.ComponentModel.InvalidAsynchronousStateException: An error occurred invoking the method.  The destination thread no longer exists.
   at System.Windows.Forms.WindowsFormsSynchronizationContext.Send(SendOrPostCallback d, Object state)
   at Awesomium.Core.WebCore.wvjjlbeQdqUVO5E6FXD(Object , Object , Object )
   at Awesomium.Core.WebCore.ioXQMTP1sf()
[0510/003035:INFO:(0)] WebCore is now online.
[0510/003035:INFO:(0)] Running Awesomium 1.7.5.1
[0510/003128:ERROR:ipc_channel_win.cc(261)] pipe error: 109
[0510/003128:WARNING:Awesomium.NET(0)] System.ComponentModel.InvalidAsynchronousStateException: An error occurred invoking the method.  The destination thread no longer exists.
   at System.Windows.Forms.WindowsFormsSynchronizationContext.Send(SendOrPostCallback d, Object state)
   at Awesomium.Core.WebCore.wvjjlbeQdqUVO5E6FXD(Object , Object , Object )
   at Awesomium.Core.WebCore.ioXQMTP1sf()
[0510/003144:INFO:(0)] WebCore is now online.
[0510/003144:INFO:(0)] Running Awesomium 1.7.5.1
[0510/003250:ERROR:ipc_channel_win.cc(261)] pipe error: 109
[0510/003250:WARNING:Awesomium.NET(0)] System.ComponentModel.InvalidAsynchronousStateException: An error occurred invoking the method.  The destination thread no longer exists.
   at System.Windows.Forms.WindowsFormsSynchronizationContext.Send(SendOrPostCallback d, Object state)
   at Awesomium.Core.WebCore.wvjjlbeQdqUVO5E6FXD(Object , Object , Object )
   at Awesomium.Core.WebCore.ioXQMTP1sf()
[0510/003319:INFO:(0)] WebCore is now online.
[0510/003319:INFO:(0)] Running Awesomium 1.7.5.1
[0510/003345:ERROR:ssl_client_socket_nss.cc(1529)] handshake with server fonts.googleapis.com:443 failed; NSS error code -5938, net_error -107
[0510/003352:ERROR:ipc_channel_win.cc(261)] pipe error: 109
[0510/003352:WARNING:Awesomium.NET(0)] System.ComponentModel.InvalidAsynchronousStateException: An error occurred invoking the method.  The destination thread no longer exists.
   at System.Windows.Forms.WindowsFormsSynchronizationContext.Send(SendOrPostCallback d, Object state)
   at Awesomium.Core.WebCore.wvjjlbeQdqUVO5E6FXD(Object , Object , Object )
   at Awesomium.Core.WebCore.ioXQMTP1sf()
[0510/070532:INFO:(0)] WebCore is now online.
[0510/070533:INFO:(0)] Running Awesomium 1.7.5.1
[0510/070658:ERROR:ipc_channel_win.cc(261)] pipe error: 109
[0510/070658:WARNING:Awesomium.NET(0)] System.ComponentModel.InvalidAsynchronousStateException: An error occurred invoking the method.  The destination thread no longer exists.
   at System.Windows.Forms.WindowsFormsSynchronizationContext.Send(SendOrPostCallback d, Object state)
   at Awesomium.Core.WebCore.wvjjlbeQdqUVO5E6FXD(Object , Object , Object )
   at Awesomium.Core.WebCore.ioXQMTP1sf()
[0510/070852:INFO:(0)] WebCore is now online.
[0510/070852:INFO:(0)] Running Awesomium 1.7.5.1
[0510/071003:WARNING:Awesomium.NET(0)] System.ComponentModel.InvalidAsynchronousStateException: An error occurred invoking the method.  The destination thread no longer exists.
   at System.Windows.Forms.WindowsFormsSynchronizationContext.Send(SendOrPostCallback d, Object state)
   at Awesomium.Core.WebCore.wvjjlbeQdqUVO5E6FXD(Object , Object , Object )
   at Awesomium.Core.WebCore.ioXQMTP1sf()
[0510/071006:INFO:(0)] WebCore is now online.
[0510/071006:INFO:(0)] Running Awesomium 1.7.5.1
[0510/071035:ERROR:ipc_channel_win.cc(261)] pipe error: 109
[0510/071035:WARNING:Awesomium.NET(0)] System.ComponentModel.InvalidAsynchronousStateException: An error occurred invoking the method.  The destination thread no longer exists.
   at System.Windows.Forms.WindowsFormsSynchronizationContext.Send(SendOrPostCallback d, Object state)
   at Awesomium.Core.WebCore.wvjjlbeQdqUVO5E6FXD(Object , Object , Object )
   at Awesomium.Core.WebCore.ioXQMTP1sf()
[0510/071118:INFO:(0)] WebCore is now online.
[0510/071118:INFO:(0)] Running Awesomium 1.7.5.1
[0510/074919:ERROR:ipc_channel_win.cc(261)] pipe error: 109
[0510/074919:WARNING:Awesomium.NET(0)] System.ComponentModel.InvalidAsynchronousStateException: An error occurred invoking the method.  The destination thread no longer exists.
   at System.Windows.Forms.WindowsFormsSynchronizationContext.Send(SendOrPostCallback d, Object state)
   at Awesomium.Core.WebCore.wvjjlbeQdqUVO5E6FXD(Object , Object , Object )
   at Awesomium.Core.WebCore.ioXQMTP1sf()
[0510/074923:INFO:(0)] WebCore is now online.
[0510/074923:INFO:(0)] Running Awesomium 1.7.5.1
[0510/075000:ERROR:ipc_channel_win.cc(261)] pipe error: 109
[0510/075000:WARNING:Awesomium.NET(0)] System.ComponentModel.InvalidAsynchronousStateException: An error occurred invoking the method.  The destination thread no longer exists.
   at System.Windows.Forms.WindowsFormsSynchronizationContext.Send(SendOrPostCallback d, Object state)
   at Awesomium.Core.WebCore.wvjjlbeQdqUVO5E6FXD(Object , Object , Object )
   at Awesomium.Core.WebCore.ioXQMTP1sf()
[0510/085529:INFO:(0)] WebCore is now online.
[0510/085529:INFO:(0)] Running Awesomium 1.7.5.1
[0510/085537:ERROR:ipc_channel_win.cc(261)] pipe error: 109
[0510/085537:WARNING:Awesomium.NET(0)] System.ComponentModel.InvalidAsynchronousStateException: An error occurred invoking the method.  The destination thread no longer exists.
   at System.Windows.Forms.WindowsFormsSynchronizationContext.Send(SendOrPostCallback d, Object state)
   at Awesomium.Core.WebCore.wvjjlbeQdqUVO5E6FXD(Object , Object , Object )
   at Awesomium.Core.WebCore.ioXQMTP1sf()
[0510/085613:INFO:(0)] WebCore is now online.
[0510/085613:INFO:(0)] Running Awesomium 1.7.5.1
[0510/104132:INFO:(0)] WebCore is now online.
[0510/104132:INFO:(0)] Running Awesomium 1.7.5.1
[0510/104254:ERROR:ipc_channel_win.cc(261)] pipe error: 109
[0510/104254:WARNING:Awesomium.NET(0)] System.ComponentModel.InvalidAsynchronousStateException: An error occurred invoking the method.  The destination thread no longer exists.
   at System.Windows.Forms.WindowsFormsSynchronizationContext.Send(SendOrPostCallback d, Object state)
   at Awesomium.Core.WebCore.wvjjlbeQdqUVO5E6FXD(Object , Object , Object )
   at Awesomium.Core.WebCore.ioXQMTP1sf()
[0510/184750:INFO:(0)] WebCore is now online.
[0510/184750:INFO:(0)] Running Awesomium 1.7.5.1
[0510/184913:WARNING:Awesomium.NET(0)] System.ComponentModel.InvalidAsynchronousStateException: An error occurred invoking the method.  The destination thread no longer exists.
   at System.Windows.Forms.WindowsFormsSynchronizationContext.Send(SendOrPostCallback d, Object state)
   at Awesomium.Core.WebCore.wvjjlbeQdqUVO5E6FXD(Object , Object , Object )
   at Awesomium.Core.WebCore.ioXQMTP1sf()
[0510/184941:INFO:(0)] WebCore is now online.
[0510/184941:INFO:(0)] Running Awesomium 1.7.5.1
[0510/185342:ERROR:ipc_channel_win.cc(261)] pipe error: 109
[0510/185342:WARNING:Awesomium.NET(0)] System.ComponentModel.InvalidAsynchronousStateException: An error occurred invoking the method.  The destination thread no longer exists.
   at System.Windows.Forms.WindowsFormsSynchronizationContext.Send(SendOrPostCallback d, Object state)
   at Awesomium.Core.WebCore.wvjjlbeQdqUVO5E6FXD(Object , Object , Object )
   at Awesomium.Core.WebCore.ioXQMTP1sf()
[0511/075703:INFO:(0)] WebCore is now online.
[0511/075703:INFO:(0)] Running Awesomium 1.7.5.1
[0511/075846:WARNING:Awesomium.NET(0)] System.ComponentModel.InvalidAsynchronousStateException: An error occurred invoking the method.  The destination thread no longer exists.
   at System.Windows.Forms.WindowsFormsSynchronizationContext.Send(SendOrPostCallback d, Object state)
   at Awesomium.Core.WebCore.wvjjlbeQdqUVO5E6FXD(Object , Object , Object )
   at Awesomium.Core.WebCore.ioXQMTP1sf()
[0511/075936:INFO:(0)] WebCore is now online.
[0511/075936:INFO:(0)] Running Awesomium 1.7.5.1
[0511/080139:WARNING:Awesomium.NET(0)] System.ComponentModel.InvalidAsynchronousStateException: An error occurred invoking the method.  The destination thread no longer exists.
   at System.Windows.Forms.WindowsFormsSynchronizationContext.Send(SendOrPostCallback d, Object state)
   at Awesomium.Core.WebCore.wvjjlbeQdqUVO5E6FXD(Object , Object , Object )
   at Awesomium.Core.WebCore.ioXQMTP1sf()
[0511/150854:INFO:(0)] WebCore is now online.
[0511/150854:INFO:(0)] Running Awesomium 1.7.5.1
[0511/150954:ERROR:ipc_channel_win.cc(261)] pipe error: 109
[0511/150954:WARNING:Awesomium.NET(0)] System.ComponentModel.InvalidAsynchronousStateException: An error occurred invoking the method.  The destination thread no longer exists.
   at System.Windows.Forms.WindowsFormsSynchronizationContext.Send(SendOrPostCallback d, Object state)
   at Awesomium.Core.WebCore.wvjjlbeQdqUVO5E6FXD(Object , Object , Object )
   at Awesomium.Core.WebCore.ioXQMTP1sf()
[0511/150957:INFO:(0)] WebCore is now online.
[0511/150957:INFO:(0)] Running Awesomium 1.7.5.1
[0511/152518:ERROR:ipc_channel_win.cc(261)] pipe error: 109
[0511/152518:WARNING:Awesomium.NET(0)] System.ComponentModel.InvalidAsynchronousStateException: An error occurred invoking the method.  The destination thread no longer exists.
   at System.Windows.Forms.WindowsFormsSynchronizationContext.Send(SendOrPostCallback d, Object state)
   at Awesomium.Core.WebCore.wvjjlbeQdqUVO5E6FXD(Object , Object , Object )
   at Awesomium.Core.WebCore.ioXQMTP1sf()
[0511/152524:INFO:(0)] WebCore is now online.
[0511/152524:INFO:(0)] Running Awesomium 1.7.5.1
[0511/152737:WARNING:Awesomium.NET(0)] System.ComponentModel.InvalidAsynchronousStateException: An error occurred invoking the method.  The destination thread no longer exists.
   at System.Windows.Forms.WindowsFormsSynchronizationContext.Send(SendOrPostCallback d, Object state)
   at Awesomium.Core.WebCore.wvjjlbeQdqUVO5E6FXD(Object , Object , Object )
   at Awesomium.Core.WebCore.ioXQMTP1sf()
[0511/152745:INFO:(0)] WebCore is now online.
[0511/152745:INFO:(0)] Running Awesomium 1.7.5.1
[0511/152753:ERROR:ipc_channel_win.cc(261)] pipe error: 109
[0511/152753:WARNING:Awesomium.NET(0)] System.ComponentModel.InvalidAsynchronousStateException: An error occurred invoking the method.  The destination thread no longer exists.
   at System.Windows.Forms.WindowsFormsSynchronizationContext.Send(SendOrPostCallback d, Object state)
   at Awesomium.Core.WebCore.wvjjlbeQdqUVO5E6FXD(Object , Object , Object )
   at Awesomium.Core.WebCore.ioXQMTP1sf()
[0511/152818:INFO:(0)] WebCore is now online.
[0511/152818:INFO:(0)] Running Awesomium 1.7.5.1
[0511/152851:INFO:(0)] WebCore is now online.
[0511/152851:INFO:(0)] Running Awesomium 1.7.5.1
[0511/153342:INFO:(0)] WebCore is now online.
[0511/153342:INFO:(0)] Running Awesomium 1.7.5.1
[0511/153407:ERROR:ipc_channel_win.cc(261)] pipe error: 109
[0511/153407:WARNING:Awesomium.NET(0)] System.ComponentModel.InvalidAsynchronousStateException: An error occurred invoking the method.  The destination thread no longer exists.
   at System.Windows.Forms.WindowsFormsSynchronizationContext.Send(SendOrPostCallback d, Object state)
   at Awesomium.Core.WebCore.wvjjlbeQdqUVO5E6FXD(Object , Object , Object )
   at Awesomium.Core.WebCore.ioXQMTP1sf()
[0511/153711:INFO:(0)] WebCore is now online.
[0511/153711:INFO:(0)] Running Awesomium 1.7.5.1
[0511/192536:WARNING:Awesomium.NET(0)] System.ComponentModel.InvalidAsynchronousStateException: An error occurred invoking the method.  The destination thread no longer exists.
   at System.Windows.Forms.WindowsFormsSynchronizationContext.Send(SendOrPostCallback d, Object state)
   at Awesomium.Core.WebCore.wvjjlbeQdqUVO5E6FXD(Object , Object , Object )
   at Awesomium.Core.WebCore.ioXQMTP1sf()
[0611/124654:INFO:(0)] WebCore is now online.
[0611/124654:INFO:(0)] Running Awesomium 1.7.5.1
[0611/124814:WARNING:Awesomium.NET(0)] System.ComponentModel.InvalidAsynchronousStateException: An error occurred invoking the method.  The destination thread no longer exists.
   at System.Windows.Forms.WindowsFormsSynchronizationContext.Send(SendOrPostCallback d, Object state)
   at Awesomium.Core.WebCore.wvjjlbeQdqUVO5E6FXD(Object , Object , Object )
   at Awesomium.Core.WebCore.ioXQMTP1sf()
[0809/122745:INFO:(0)] WebCore is now online.
[0809/122745:INFO:(0)] Running Awesomium 1.7.5.1
[0809/123408:INFO:(0)] WebCore is now online.
[0809/123408:INFO:(0)] Running Awesomium 1.7.5.1
[0809/123724:WARNING:Awesomium.NET(0)] System.ComponentModel.InvalidAsynchronousStateException: An error occurred invoking the method.  The destination thread no longer exists.
   at System.Windows.Forms.WindowsFormsSynchronizationContext.Send(SendOrPostCallback d, Object state)
   at Awesomium.Core.WebCore.wvjjlbeQdqUVO5E6FXD(Object , Object , Object )
   at Awesomium.Core.WebCore.ioXQMTP1sf()
[0809/123744:INFO:(0)] WebCore is now online.
[0809/123744:INFO:(0)] Running Awesomium 1.7.5.1
[0809/123930:ERROR:ipc_channel_win.cc(261)] pipe error: 109
[0809/123930:WARNING:Awesomium.NET(0)] System.ComponentModel.InvalidAsynchronousStateException: An error occurred invoking the method.  The destination thread no longer exists.
   at System.Windows.Forms.WindowsFormsSynchronizationContext.Send(SendOrPostCallback d, Object state)
   at Awesomium.Core.WebCore.wvjjlbeQdqUVO5E6FXD(Object , Object , Object )
   at Awesomium.Core.WebCore.ioXQMTP1sf()
[0809/133453:INFO:(0)] WebCore is now online.
[0809/133453:INFO:(0)] Running Awesomium 1.7.5.1
[0809/134150:ERROR:ipc_channel_win.cc(261)] pipe error: 109
[0809/134150:WARNING:Awesomium.NET(0)] System.ComponentModel.InvalidAsynchronousStateException: An error occurred invoking the method.  The destination thread no longer exists.
   at System.Windows.Forms.WindowsFormsSynchronizationContext.Send(SendOrPostCallback d, Object state)
   at Awesomium.Core.WebCore.wvjjlbeQdqUVO5E6FXD(Object , Object , Object )
   at Awesomium.Core.WebCore.ioXQMTP1sf()
[0809/134156:INFO:(0)] WebCore is now online.
[0809/134156:INFO:(0)] Running Awesomium 1.7.5.1
[0809/134911:INFO:(0)] WebCore is now online.
[0809/134911:INFO:(0)] Running Awesomium 1.7.5.1
[0809/135116:WARNING:Awesomium.NET(0)] System.ComponentModel.InvalidAsynchronousStateException: An error occurred invoking the method.  The destination thread no longer exists.
   at System.Windows.Forms.WindowsFormsSynchronizationContext.Send(SendOrPostCallback d, Object state)
   at Awesomium.Core.WebCore.wvjjlbeQdqUVO5E6FXD(Object , Object , Object )
   at Awesomium.Core.WebCore.ioXQMTP1sf()
[0815/124612:INFO:(0)] WebCore is now online.
[0815/124612:INFO:(0)] Running Awesomium 1.7.5.1
[0815/124618:WARNING:Awesomium.NET(0)] System.ComponentModel.InvalidAsynchronousStateException: An error occurred invoking the method.  The destination thread no longer exists.
   at System.Windows.Forms.WindowsFormsSynchronizationContext.Send(SendOrPostCallback d, Object state)
   at Awesomium.Core.WebCore.wvjjlbeQdqUVO5E6FXD(Object , Object , Object )
   at Awesomium.Core.WebCore.ioXQMTP1sf()
[0815/124803:INFO:(0)] WebCore is now online.
[0815/124803:INFO:(0)] Running Awesomium 1.7.5.1
[0815/124811:ERROR:ipc_channel_win.cc(261)] pipe error: 109
[0815/124811:WARNING:Awesomium.NET(0)] System.ComponentModel.InvalidAsynchronousStateException: An error occurred invoking the method.  The destination thread no longer exists.
   at System.Windows.Forms.WindowsFormsSynchronizationContext.Send(SendOrPostCallback d, Object state)
   at Awesomium.Core.WebCore.wvjjlbeQdqUVO5E6FXD(Object , Object , Object )
   at Awesomium.Core.WebCore.ioXQMTP1sf()
[0816/060343:INFO:(0)] WebCore is now online.
[0816/060343:INFO:(0)] Running Awesomium 1.7.5.1
[0816/073404:INFO:(0)] WebCore is now online.
[0816/073404:INFO:(0)] Running Awesomium 1.7.5.1
[0816/073620:WARNING:Awesomium.NET(0)] System.ComponentModel.InvalidAsynchronousStateException: An error occurred invoking the method.  The destination thread no longer exists.
   at System.Windows.Forms.WindowsFormsSynchronizationContext.Send(SendOrPostCallback d, Object state)
   at Awesomium.Core.WebCore.wvjjlbeQdqUVO5E6FXD(Object , Object , Object )
   at Awesomium.Core.WebCore.ioXQMTP1sf()
[0816/073632:INFO:(0)] WebCore is now online.
[0816/073632:INFO:(0)] Running Awesomium 1.7.5.1
[0816/073704:ERROR:ipc_channel_win.cc(261)] pipe error: 109
[0816/073704:WARNING:Awesomium.NET(0)] System.ComponentModel.InvalidAsynchronousStateException: An error occurred invoking the method.  The destination thread no longer exists.
   at System.Windows.Forms.WindowsFormsSynchronizationContext.Send(SendOrPostCallback d, Object state)
   at Awesomium.Core.WebCore.wvjjlbeQdqUVO5E6FXD(Object , Object , Object )
   at Awesomium.Core.WebCore.ioXQMTP1sf()
[0816/073726:INFO:(0)] WebCore is now online.
[0816/073726:INFO:(0)] Running Awesomium 1.7.5.1
[0816/073813:ERROR:ipc_channel_win.cc(261)] pipe error: 109
[0816/073813:WARNING:Awesomium.NET(0)] System.ComponentModel.InvalidAsynchronousStateException: An error occurred invoking the method.  The destination thread no longer exists.
   at System.Windows.Forms.WindowsFormsSynchronizationContext.Send(SendOrPostCallback d, Object state)
   at Awesomium.Core.WebCore.wvjjlbeQdqUVO5E6FXD(Object , Object , Object )
   at Awesomium.Core.WebCore.ioXQMTP1sf()
[0816/073834:INFO:(0)] WebCore is now online.
[0816/073834:INFO:(0)] Running Awesomium 1.7.5.1
[0816/074035:ERROR:ipc_channel_win.cc(261)] pipe error: 109
[0816/074035:WARNING:Awesomium.NET(0)] System.ComponentModel.InvalidAsynchronousStateException: An error occurred invoking the method.  The destination thread no longer exists.
   at System.Windows.Forms.WindowsFormsSynchronizationContext.Send(SendOrPostCallback d, Object state)
   at Awesomium.Core.WebCore.wvjjlbeQdqUVO5E6FXD(Object , Object , Object )
   at Awesomium.Core.WebCore.ioXQMTP1sf()
[0816/074147:INFO:(0)] WebCore is now online.
[0816/074147:INFO:(0)] Running Awesomium 1.7.5.1
[1115/101512:INFO:(0)] WebCore is now online.
[1115/101512:INFO:(0)] Running Awesomium 1.7.5.1
[1115/101633:ERROR:ipc_channel_win.cc(261)] pipe error: 109
[1115/101633:WARNING:Awesomium.NET(0)] System.ComponentModel.InvalidAsynchronousStateException: An error occurred invoking the method.  The destination thread no longer exists.
   at System.Windows.Forms.WindowsFormsSynchronizationContext.Send(SendOrPostCallback d, Object state)
   at Awesomium.Core.WebCore.wvjjlbeQdqUVO5E6FXD(Object , Object , Object )
   at Awesomium.Core.WebCore.ioXQMTP1sf()
[1115/214136:INFO:(0)] WebCore is now online.
[1115/214136:INFO:(0)] Running Awesomium 1.7.5.1
[1115/214242:ERROR:ipc_channel_win.cc(261)] pipe error: 109
[1115/214243:WARNING:Awesomium.NET(0)] System.ComponentModel.InvalidAsynchronousStateException: An error occurred invoking the method.  The destination thread no longer exists.
   at System.Windows.Forms.Control.WaitForWaitHandle(WaitHandle waitHandle)
   at System.Windows.Forms.Control.MarshaledInvoke(Control caller, Delegate method, Object[] args, Boolean synchronous)
   at System.Windows.Forms.Control.Invoke(Delegate method, Object[] args)
   at System.Windows.Forms.WindowsFormsSynchronizationContext.Send(SendOrPostCallback d, Object state)
   at Awesomium.Core.WebCore.wvjjlbeQdqUVO5E6FXD(Object , Object , Object )
   at Awesomium.Core.WebCore.ioXQMTP1sf()
